2025-03-03 15:54:23,234 - qtpyvcp - INFO - Logging to /home/burketruck/linuxcnc/configs/probe_basic/sim.log
2025-03-03 15:54:23,234 - qtpyvcp - INFO - QtPyVCP Version: 0+unknown
2025-03-03 15:54:23,258 - qtpyvcp - DEBUG - Qt Version: 5.15.8
2025-03-03 15:54:23,259 - qtpyvcp - DEBUG - Qt API: QT_API
2025-03-03 15:54:23,259 - qtpyvcp - DEBUG - QtPy Version: 2.3.0
2025-03-03 15:54:23,259 - qtpyvcp - DEBUG - Command line options:
{
    "command_line_args": null,
    "config_file": "/home/burketruck/linuxcnc/configs/probe_basic/custom_config.yml",
    "confirm_exit": false,
    "develop": false,
    "fullscreen": null,
    "help": false,
    "hide_cursor": false,
    "hide_menu_bar": false,
    "hide_status_bar": false,
    "info": false,
    "ini": "/home/burketruck/linuxcnc/configs/probe_basic/probe_basic.ini",
    "log_file": "/home/burketruck/linuxcnc/configs/probe_basic/sim.log",
    "log_level": "DEBUG",
    "maximize": null,
    "perfmon": false,
    "position": "0x0",
    "qt_api": null,
    "size": null,
    "stylesheet": null,
    "theme": null,
    "version": false
}
2025-03-03 15:54:23,332 - qtpyvcp.utilities.config_loader - DEBUG - Loading config files: ['/home/burketruck/linuxcnc/configs/probe_basic/custom_config.yml', '/usr/lib/python3/dist-packages/probe_basic/probe_basic.yml', '/usr/lib/python3/dist-packages/qtpyvcp/yaml_lib/default_config.yml']
2025-03-03 15:54:23,652 - qtpyvcp.utilities.config_loader - DEBUG - Merged YAML config:

default_menubar:
- title: File
  items:
  - title: '&Open ...'
    action: win.openFile
    shortcut: ctrl+o
  - title: '&Recent Files'
    provider: qtpyvcp.widgets.recent_files_menu:RecentFilesMenu
  - title: '&Reload'
    action: program.reload
  - title: '&Close'
    action: program.clear
  - title: Save &As
    action: null
  - separator
  - title: Edit ToolTable
    action: win.showDialog
    args:
    - tool_edit
  - separator
  - title: Exit
    action: app.exit
    shortcut: ctrl+q
  - title: Shutdown
    action: win.showDialog
    args:
    - shutdown
- title: Machine
  items:
  - title: Toggle E-Stop
    action: machine.estop.toggle
    shortcut: F1
  - title: Toggle Power
    action: machine.power.toggle
    shortcut: F2
  - separator
  - title: Run Program
    action: program.run
    shortcut: R
  - title: Step
    action: program.step
    shortcut: T
  - title: Pause
    action: program.pause
    shortcut: P
  - title: Resume
    action: program.resume
    shortcut: R
  - title: Abort
    action: program.abort
    shortcut: esc
  - title: Optional Stop
    action: program.optional_stop.toggle
  - title: Optional Skip
    action: program.optional_skip.toggle
  - separator
  - title: Homing
    provider: qtpyvcp.widgets.menus.homing_menu:HomingMenu
  - title: Cooling
    items:
    - title: Flood
      action: coolant.flood.toggle
      shortcut: F7
    - title: Mist
      action: coolant.mist.toggle
      shortcut: F8
  - title: Set Work Offsets
    action: win.showDialog
    args:
    - set_work_offsets
  - separator
  - title: Override Limits
    action: machine.override_limits
- title: Settings
  items:
  - title: Show On-screen Keyboard
    action: settings.virtual-input.enable
- title: View
  items:
  - title: Show Gridlines
    action: settings.backplot.show-grid
  - separator
  - title: Show Machine Bounds
    action: settings.backplot.show-machine-bounds
  - title: Show Machine Labels
    action: settings.backplot.show-machine-labels
  - title: Show Machine Ticks
    action: settings.backplot.show-machine-ticks
  - separator
  - title: Show Program Bounds
    action: settings.backplot.show-program-bounds
  - title: Use Colors for Motion type
    action: settings.backplot.multitool-colors
  - separator
  - title: Perspective View
    action: settings.backplot.perspective-view
  - title: View Angle
    action: settings.backplot.view
- title: Tools
  items:
  - title: HAL Meter
    action: tool.halmeter
  - title: HAL Scope
    action: tool.halscope
  - title: HAL Show
    action: tool.halshow
  - title: LCNC Status
    action: tool.status
  - title: Calibration
    action: tool.calibration
  - title: Classicladder PLC
    action: tool.classicladder
  - title: Simulated Probe
    action: tool.simulate_probe
- title: About
  items:
  - title: About QtPyVCP
    action: win.showDialog
    args:
    - about_qtpyvcp
  - title: About Qt
    action: app.aboutQt
vcp:
  name: Probe Basic
  version: v0.0.1
  author: Chris Polanski
  description: Probe Basic description ...
windows:
  mainwindow:
    provider: probe_basic.probe_basic:ProbeBasic
    kwargs:
      menu: &id001
      - title: File
        items:
        - title: '&Open ...'
          action: win.openFile
          shortcut: ctrl+o
        - title: '&Recent Files'
          provider: qtpyvcp.widgets.recent_files_menu:RecentFilesMenu
        - title: '&Reload'
          action: program.reload
        - title: '&Close'
          action: program.clear
        - title: Save &As
          action: null
        - separator
        - title: Exit
          action: app.exit
          shortcut: ctrl+q
      - title: Machine
        items:
        - title: Toggle E-Stop
          action: machine.estop.toggle
          shortcut: F1
        - title: Toggle Power
          action: machine.power.toggle
          shortcut: F2
        - separator
        - title: Run Program
          action: program.run
          shortcut: R
        - title: Step
          action: program.step
          shortcut: T
        - title: Pause
          action: program.pause
          shortcut: P
        - title: Resume
          action: program.resume
          shortcut: R
        - title: Abort
          action: program.abort
          shortcut: esc
        - title: Optional Stop
          action: program.optional_stop.toggle
        - title: Optional Skip
          action: program.optional_skip.toggle
        - separator
        - title: Homing
          provider: qtpyvcp.widgets.menus.homing_menu:HomingMenu
        - title: Cooling
          items:
          - title: Flood
            action: coolant.flood.toggle
            shortcut: F7
          - title: Mist
            action: coolant.mist.toggle
            shortcut: F8
        - title: Set Work Offsets
          action: win.showDialog
          args:
          - set_work_offsets
        - separator
        - title: Override Limits
          action: machine.override_limits
      - title: Settings
        items:
        - title: Show On-screen Keyboard
          action: settings.virtual-input.enable
      - title: View
        items:
        - title: Show Gridlines
          action: settings.backplot.show-grid
        - separator
        - title: Show Machine Bounds
          action: settings.backplot.show-machine-bounds
        - title: Show Machine Labels
          action: settings.backplot.show-machine-labels
        - title: Show Machine Ticks
          action: settings.backplot.show-machine-ticks
        - separator
        - title: Show Program Bounds
          action: settings.backplot.show-program-bounds
        - title: Show Program Labels
          action: settings.backplot.show-program-labels
        - title: Show Program Ticks
          action: settings.backplot.show-program-ticks
        - separator
        - title: Perspective View
          action: settings.backplot.perspective-view
        - title: View Angle
          action: settings.backplot.view
      - title: Tools
        items:
        - title: HAL Meter
          action: tool.halmeter
        - title: HAL Scope
          action: tool.halscope
        - title: HAL Show
          action: tool.halshow
        - title: LCNC Status
          action: tool.status
        - title: Calibration
          action: tool.calibration
        - title: Classicladder PLC
          action: tool.classicladder
      - title: About
        items:
        - title: About Probe Basic
          action: win.showDialog
          args:
          - about_probebasic
        - title: About QtPyVCP
          action: win.showDialog
          args:
          - about_qtpyvcp
        - title: About Qt
          action: app.aboutQt
      fullscreen: true
      ui_file: /usr/lib/python3/dist-packages/probe_basic/probe_basic.ui
      confirm_exit: false
data_plugins:
  status:
    provider: qtpyvcp.plugins.status:Status
    kwargs:
      cycle_time: 75
  persistent_data_manager:
    provider: qtpyvcp.plugins.persistent_data_manager:PersistentDataManager
    kwargs:
      serialization_method: pickle
  settings:
    provider: qtpyvcp.plugins.settings:Settings
  position:
    provider: qtpyvcp.plugins.positions:Position
    kwargs:
      report_actual_pos: true
      use_program_units: true
  tooltable:
    provider: qtpyvcp.plugins.tool_table:ToolTable
    kwargs:
      columns: TZDR
  offsettable:
    provider: qtpyvcp.plugins.offset_table:OffsetTable
    kwargs:
      columns: XYZACR
  notifications:
    provider: qtpyvcp.plugins.notifications:Notifications
    kwargs:
      enabled: true
      mode: native
      max_messages: 5
      persistent: true
  file_locations:
    provider: qtpyvcp.plugins.file_locations:FileLocations
    log_level: debug
    kwargs:
      default_location: NC Files
      local_locations:
        Home: ~/
        Desktop: ~/Desktop
        NC Files: ~/linuxcnc/nc_files
      network_locations: null
  exportedhal:
    provider: qtpyvcp.plugins.exported_hal:ExportedHal
  virtual_input:
    provider: qtpyvcp.plugins.virtual_input_manager:VirtualInputManager
  gcode_properties:
    provider: qtpyvcp.plugins.gcode_properties:GCodeProperties
dialogs:
  open_file:
    provider: qtpyvcp.widgets.dialogs.open_file_dialog:OpenFileDialog
  set_work_offsets:
    provider: qtpyvcp.widgets.dialogs.offsets_dialog:OffsetsDialog
  tool_edit:
    provider: qtpyvcp.widgets.dialogs.tool_edit_dialog:ToolEditDialog
  probe_sim:
    provider: qtpyvcp.widgets.dialogs.probesim_dialog:ProbeSim
  about_qtpyvcp:
    provider: qtpyvcp.widgets.dialogs.about_dialog:AboutDialog
  toolchange:
    provider: qtpyvcp.widgets.dialogs.toolchange_dialog:ToolChangeDialog
    kwargs:
      ui_file: /usr/lib/python3/dist-packages/probe_basic/toolchange_dialog_pb.ui
  shutdown:
    provider: qtpyvcp.widgets.dialogs.shutdown_dialog:ShutDownDialog
  about_probebasic:
    provider: qtpyvcp.widgets.dialogs.about_dialog:AboutDialog
    kwargs:
      ui_file: /usr/lib/python3/dist-packages/probe_basic/about.ui
virtual_input_providers:
  number:
    provider: qtpyvcp.widgets.virtual_input.virtual_input:VirtualInput
    kwargs:
      ui_file: /usr/lib/python3/dist-packages/qtpyvcp/yaml_lib/../widgets/virtual_input/numpad.ui
  text:
    provider: qtpyvcp.widgets.virtual_input.virtual_input:VirtualInput
    kwargs:
      ui_file: /usr/lib/python3/dist-packages/qtpyvcp/yaml_lib/../widgets/virtual_input/keyboard.ui
application:
  provider: qtpyvcp.app.application:VCPApplication
  kwargs:
    stylesheet: /usr/lib/python3/dist-packages/probe_basic/probe_basic.qss
    custom_fonts: /usr/lib/python3/dist-packages/probe_basic/fonts
settings:
  touch-probe.diameter-offset:
    default_value: 0.123123
    persistent: true
    min_value: 0
    max_value: 1
  dro.display-units:
    default_value: 0
    options:
    - Auto
    - Inch
    - Metric
  dro.lathe-radius-mode:
    default_value: 0
    options:
    - Auto
    - Radius
    - Diameter
  dro.inch-format:
    default_value: '%9.4f'
    value_type: str
  dro.millimeter-format:
    default_value: '%9.3f'
    value_type: str
  dro.degree-format:
    default_value: '%9.2f'
  offset_table.min_range:
    default_value: -1000
  offset_table.max_range:
    default_value: 1000
  backplot.show-grid:
    default_value: false
  backplot.show-program-bounds:
    default_value: false
  backplot.show-machine-bounds:
    default_value: false
  backplot.show-machine-labels:
    default_value: false
  backplot.show-machine-ticks:
    default_value: false
  backplot.perspective-view:
    default_value: false
  backplot.view:
    default_value: 4
    options:
    - 'X: Front View'
    - 'Y: Front View'
    - 'Z: Top View'
    - 'Z2: Bottom View'
    - 'P: Isometric'
  backplot.machine-ext-scale:
    default_value: 0.65
  backplot.multitool-colors:
    default_value: true
  probe-parameters.calibration-offset:
    description: Probe trigger point offset.
    default_value: 0.0
    persistent: true
    min_value: 0
    max_value: 1000
  probe-parameters.cal-diameter:
    description: Probe calibration diameter.
    default_value: 0.0
    persistent: true
    min_value: 0
    max_value: 1000
  probe-parameters.x-cal-width:
    description: Probe calibration x width.
    default_value: 0.0
    persistent: true
    min_value: 0
    max_value: 1000
  probe-parameters.y-cal-width:
    description: Probe calibration y width.
    default_value: 0.0
    persistent: true
    min_value: 0
    max_value: 1000
  probe-parameters.probe-parameters.sq-cal-axis:
    description: Probe calibrate square axis.
    default_value: 0.0
    persistent: true
    min_value: 0
    max_value: 2
  probe-parameters.probe-tool-number:
    description: probe tool number.
    default_value: 0.0
    persistent: true
    min_value: 0
    max_value: 9999
  probe-parameters.step-off-width:
    description: probe step off width.
    default_value: 0.0
    persistent: true
    min_value: 0
    max_value: 10000
  probe-parameters.probe-fast-fr:
    description: probe fast feedrate.
    default_value: 0.0
    persistent: true
    min_value: 0
    max_value: 10000
  probe-parameters.probe-slow-fr:
    description: probe slow feedrate.
    default_value: 0.0
    persistent: true
    min_value: 0
    max_value: 10000
  probe-parameters.probe-traverse-fr:
    description: probe traverse feedrate.
    default_value: 0.0
    persistent: true
    min_value: 0
    max_value: 100000
  probe-parameters.max-xy-distance:
    description: max x and y probe travel distance.
    default_value: 0.0
    persistent: true
    min_value: 0
    max_value: 10000
  probe-parameters.xy-clearance:
    description: x and y clearance distance.
    default_value: 0.0
    persistent: true
    min_value: 0
    max_value: 10000
  probe-parameters.max-z-distance:
    description: max z probe travel distance.
    default_value: 0.0
    persistent: true
    min_value: 0
    max_value: 10000
  probe-parameters.z-clearance:
    description: z clearance distance.
    default_value: 0.0
    persistent: true
    min_value: 0
    max_value: 10000
  probe-parameters.extra-probe-depth:
    description: extra probe depth.
    default_value: 0.0
    persistent: true
    min_value: -10000
    max_value: 10000
  probe-parameters.edge-width:
    description: edge width probing distance.
    default_value: 0.0
    persistent: true
    min_value: 0
    max_value: 10000
  probe-parameters.diameter-hint:
    description: boss and pocket diameter hint.
    default_value: 0.0
    persistent: true
    min_value: 0
    max_value: 10000
  probe-parameters.x-hint-boss-pocket:
    description: boss and pocket x hint.
    default_value: 0.0
    persistent: true
    min_value: 0
    max_value: 10000
  probe-parameters.y-hint-boss-pocket:
    description: boss and pocket y hint.
    default_value: 0.0
    persistent: true
    min_value: 0
    max_value: 10000
  probe-parameters.x-hint-ridge-valley:
    description: ridge and valley x hint.
    default_value: 0.0
    persistent: true
    min_value: 0
    max_value: 10000
  probe-parameters.y-hint-ridge-valley:
    description: ridge and valley y hint.
    default_value: 0.0
    persistent: true
    min_value: 0
    max_value: 10000
  probe-parameters.probe-posn-btn:
    description: probe pos'n mode button.
    persistent: true
  probe-parameters.rotation-wco-btn:
    description: set wco rotation mode.
    persistent: true
  probe-parameters.cal-xy-btn:
    description: calibrate probe with x and y error.
    persistent: true
  probe-parameters.cal-x-btn:
    description: calibrate probe on x error only.
    persistent: true
  probe-parameters.cal-y-btn:
    description: calibrate probe on y error only.
    persistent: true
  spindle-rpm-display.calculated-rpm:
    description: display calculated rpm on main page.
    persistent: true
  spindle-rpm-display.encoder-feedback-rpm:
    description: display encoder feedback rpm on main page.
    persistent: true
  tool-change-position.x-tool-change-position:
    description: x axis tool change position.
    default_value: 0.0
    persistent: true
    min_value: -10000
    max_value: 10000
  tool-change-position.y-tool-change-position:
    description: y axis tool change position.
    default_value: 0.0
    persistent: true
    min_value: -10000
    max_value: 10000
  tool-change-position.z-tool-change-position:
    description: z axis tool change position.
    default_value: 0.0
    persistent: true
    min_value: -10000
    max_value: 10000
  tool-setter-probe.fast-probe-fr:
    description: tool probe fast feedrate.
    default_value: 0.0
    persistent: true
    min_value: -10000
    max_value: 10000
  tool-setter-probe.slow-probe-fr:
    description: tool probe slow feedrate.
    default_value: 0.0
    persistent: true
    min_value: -10000
    max_value: 10000
  tool-setter-probe.traverse-fr:
    description: tool probe traverse feedrate.
    default_value: 0.0
    persistent: true
    min_value: -10000
    max_value: 10000
  tool-setter-probe.z-max-travel:
    description: maximumm z travel while probing before erroring out.
    default_value: 0.0
    persistent: true
    min_value: -10000
    max_value: 10000
  tool-setter-probe.xy-max-travel:
    description: maximumm xy travel while probing before erroring out.
    default_value: 0.0
    persistent: true
    min_value: -10000
    max_value: 10000
  tool-setter-probe.retract-distance:
    description: distance tool retracts after fast probe move.
    default_value: 0.0
    persistent: true
    min_value: -10000
    max_value: 10000
  tool-setter-probe.spindle-nose-height:
    description: distance from home to tool setter for the spindle nose.
    default_value: 0.0
    persistent: true
    min_value: -10000
    max_value: 10000
  tool-setter-probe.diameter-offset:
    description: probes tool offset by diameter.
    persistent: true
  tool-setter-probe.tool-diam-offset-setting:
    description: activation setting for probing using tool diameter offset.
    default_value: 0.0
    persistent: true
    min_value: 0
    max_value: 1
  tool-setter-probe.diameter-probe:
    description: probes tool diameter.
    persistent: true
  tool-setter-probe.tool-diam-probing:
    description: activation setting for probing using tool diameter probing.
    default_value: 0.0
    persistent: true
    min_value: 0
    max_value: 1
  tool-setter-probe.breakage-tolerance:
    description: tool breakage tolerance check.
    default_value: 0.0
    persistent: true
    min_value: -10000
    max_value: 10000
  tool-setter-probe.user-setter-1:
    description: user 1 parameter entry.
    default_value: 0.0
    persistent: true
    min_value: -10000
    max_value: 10000
  tool-setter-probe.user-setter-2:
    description: user 2 parameter entry.
    default_value: 0.0
    persistent: true
    min_value: -10000
    max_value: 10000
  tool-setter-probe.setter-offset-direction-left:
    description: probe tool diameter to offset direction left.
    persistent: true
  tool-setter-probe.setter-offset-direction-right:
    description: probe tool diameter to offset direction right.
    persistent: true
  tool-setter-probe.setter-offset-direction-front:
    description: probe tool diameter to offset direction front.
    persistent: true
  tool-setter-probe.setter-offset-direction-back:
    description: probe tool diameter to offset direction back.
    persistent: true
  programmable-coolant.activation:
    description: activation setting for programmable coolant.
    default_value: 0.0
    persistent: true
    min_value: 0
    max_value: 1
  programmable-coolant.horizontal-distance:
    description: horizontal distance setting for programmable coolant.
    default_value: 0.0
    persistent: true
    min_value: -10000
    max_value: 10000
  programmable-coolant.vertical-distance:
    description: vertical distance setting for programmable coolant.
    default_value: 0.0
    persistent: true
    min_value: -10000
    max_value: 10000
  programmable-coolant.nozzle-offset:
    description: nozzle offset setting for programmable coolant.
    default_value: 0.0
    persistent: true
    min_value: -10000
    max_value: 10000
  backplot.show-program-labels:
    default_value: false
  backplot.show-program-ticks:
    default_value: false
menubar: *id001
qtdesigner:
  ui_file: /usr/lib/python3/dist-packages/probe_basic/probe_basic.ui
  qss_file: /usr/lib/python3/dist-packages/probe_basic/probe_basic.qss


2025-03-03 15:54:23,870 - qtpyvcp.utilities.info - INFO - The machine has 5 axes and 5 joints
2025-03-03 15:54:23,870 - qtpyvcp.utilities.info - INFO - The Axis/Joint mapping is:
2025-03-03 15:54:23,870 - qtpyvcp.utilities.info - INFO - Axis X --> Joint 0
2025-03-03 15:54:23,870 - qtpyvcp.utilities.info - INFO - Axis Y --> Joint 1
2025-03-03 15:54:23,870 - qtpyvcp.utilities.info - INFO - Axis Z --> Joint 2
2025-03-03 15:54:23,870 - qtpyvcp.utilities.info - INFO - Axis A --> Joint 3
2025-03-03 15:54:23,870 - qtpyvcp.utilities.info - INFO - Axis C --> Joint 4
2025-03-03 15:54:23,870 - qtpyvcp.app.launcher - DEBUG - Time: 0.000 (+0.000) - in script
2025-03-03 15:54:23,871 - qtpyvcp.app.launcher - DEBUG - Loading data plugings
2025-03-03 15:54:23,871 - qtpyvcp.plugins - DEBUG - Loading plugin 'status' from 'qtpyvcp.plugins.status:Status'
2025-03-03 15:54:23,873 - qtpyvcp.plugins.status - DEBUG - ---------set mdi_history: None, ['m27', 'm26', 'm25', 'm24', 'm23', 'm22', 'm21', 'mm21', 'm18', 'm21', 'spindle-orient', 'M21', 'm18', 'g28 x']
2025-03-03 15:54:23,878 - qtpyvcp.plugins - DEBUG - Loading plugin 'persistent_data_manager' from 'qtpyvcp.plugins.persistent_data_manager:PersistentDataManager'
2025-03-03 15:54:23,879 - qtpyvcp.plugins - DEBUG - Loading plugin 'settings' from 'qtpyvcp.plugins.settings:Settings'
2025-03-03 15:54:23,881 - qtpyvcp.plugins - DEBUG - Loading plugin 'position' from 'qtpyvcp.plugins.positions:Position'
2025-03-03 15:54:23,881 - qtpyvcp.plugins - DEBUG - Loading plugin 'tooltable' from 'qtpyvcp.plugins.tool_table:ToolTable'
2025-03-03 15:54:23,887 - qtpyvcp.plugins - DEBUG - Loading plugin 'offsettable' from 'qtpyvcp.plugins.offset_table:OffsetTable'
2025-03-03 15:54:23,889 - qtpyvcp.plugins - DEBUG - Loading plugin 'notifications' from 'qtpyvcp.plugins.notifications:Notifications'
2025-03-03 15:54:23,909 - qtpyvcp.plugins - DEBUG - Loading plugin 'file_locations' from 'qtpyvcp.plugins.file_locations:FileLocations'
2025-03-03 15:54:23,931 - qtpyvcp.plugins - DEBUG - Loading plugin 'exportedhal' from 'qtpyvcp.plugins.exported_hal:ExportedHal'
2025-03-03 15:54:23,932 - qtpyvcp.plugins - DEBUG - Loading plugin 'virtual_input' from 'qtpyvcp.plugins.virtual_input_manager:VirtualInputManager'
2025-03-03 15:54:23,932 - qtpyvcp.plugins - DEBUG - Loading plugin 'gcode_properties' from 'qtpyvcp.plugins.gcode_properties:GCodeProperties'
2025-03-03 15:54:24,981 - qtpyvcp.app.launcher - DEBUG - Time: 1.111 (+1.111) - done loading data plugins
2025-03-03 15:54:24,981 - qtpyvcp.app.launcher - DEBUG - Initializing app
2025-03-03 15:54:25,049 - qtpyvcp.plugins - DEBUG - Initializing 'status' plugin
2025-03-03 15:54:25,050 - qtpyvcp.plugins.status - DEBUG - Starting periodic updates with 75ms cycle time
2025-03-03 15:54:25,050 - qtpyvcp.plugins - DEBUG - Initializing 'persistent_data_manager' plugin
2025-03-03 15:54:25,050 - qtpyvcp.plugins - DEBUG - Initializing 'settings' plugin
2025-03-03 15:54:25,050 - qtpyvcp.plugins - DEBUG - Initializing 'position' plugin
2025-03-03 15:54:25,050 - qtpyvcp.plugins - DEBUG - Initializing 'tooltable' plugin
2025-03-03 15:54:25,050 - qtpyvcp.plugins - DEBUG - Initializing 'offsettable' plugin
2025-03-03 15:54:25,050 - qtpyvcp.plugins - DEBUG - Initializing 'notifications' plugin
2025-03-03 15:54:25,053 - qtpyvcp.plugins - DEBUG - Initializing 'file_locations' plugin
2025-03-03 15:54:25,059 - qtpyvcp.plugins - DEBUG - Initializing 'exportedhal' plugin
2025-03-03 15:54:25,059 - qtpyvcp.plugins.exported_hal - DEBUG - Initalizing framework exposed HAL pins
2025-03-03 15:54:25,059 - qtpyvcp.hal.hal_qlib - DEBUG - Adding HAL pin: qtpyvcp.feed-override.reset (<class 'type'> in)
2025-03-03 15:54:25,059 - qtpyvcp.hal.hal_qlib - DEBUG - Adding HAL pin: qtpyvcp.rapid-override.reset (<class 'type'> in)
2025-03-03 15:54:25,059 - qtpyvcp.hal.hal_qlib - DEBUG - Adding HAL pin: qtpyvcp.spindle-override.reset (<class 'type'> in)
2025-03-03 15:54:25,059 - qtpyvcp.plugins - DEBUG - Initializing 'virtual_input' plugin
2025-03-03 15:54:25,087 - qtpyvcp.plugins - DEBUG - Initializing 'gcode_properties' plugin
2025-03-03 15:54:25,088 - qtpyvcp - INFO - Loading global stylesheet: /usr/lib/python3/dist-packages/probe_basic/probe_basic.qss
2025-03-03 15:54:25,093 - qtpyvcp - DEBUG - Loading custom font: /usr/lib/python3/dist-packages/probe_basic/fonts/BebasKai.ttf
2025-03-03 15:54:25,107 - qtpyvcp.app.launcher - DEBUG - Time: 1.237 (+0.126) - done initializing app
2025-03-03 15:54:25,108 - qtpyvcp.app.launcher - DEBUG - Loading dialogs
2025-03-03 15:54:25,351 - qtpyvcp.hal - INFO - Creating new HAL component: qtpyvcp_manualtoolchange
2025-03-03 15:54:25,351 - qtpyvcp.hal.hal_qlib - DEBUG - Adding HAL pin: qtpyvcp_manualtoolchange.number (<class 'type'> in)
2025-03-03 15:54:25,351 - qtpyvcp.hal.hal_qlib - DEBUG - Adding HAL pin: qtpyvcp_manualtoolchange.change (<class 'type'> in)
2025-03-03 15:54:25,351 - qtpyvcp.hal.hal_qlib - DEBUG - Adding HAL pin: qtpyvcp_manualtoolchange.changed (<class 'type'> out)
2025-03-03 15:54:25,351 - qtpyvcp.hal.hal_qlib - DEBUG - Adding HAL pin: qtpyvcp_manualtoolchange.change_button (<class 'type'> in)
2025-03-03 15:54:25,359 - qtpyvcp.app.launcher - DEBUG - Time: 1.489 (+0.252) - done loading dialogs
2025-03-03 15:54:25,359 - qtpyvcp.app.launcher - DEBUG - Loading windows
2025-03-03 15:54:25,792 - qtpyvcp.widgets.display_widgets.vtk_backplot.vtk_backplot - DEBUG - @@@@@@@@@@@@@@@@@@@@@@@@@@@@@@@@@@@@@@@@@@@
2025-03-03 15:54:25,792 - qtpyvcp.widgets.display_widgets.vtk_backplot.vtk_backplot - DEBUG - @@@@@@@@@@  VTKBackPlot __init__  @@@@@@@@@
2025-03-03 15:54:25,792 - qtpyvcp.widgets.display_widgets.vtk_backplot.vtk_backplot - DEBUG - @@@@@@@@@@@@@@@@@@@@@@@@@@@@@@@@@@@@@@@@@@@
2025-03-03 15:54:25,792 - qtpyvcp.widgets.display_widgets.vtk_backplot.linuxcnc_datasource - DEBUG - FPS = 30
2025-03-03 15:54:25,793 - qtpyvcp.widgets.display_widgets.vtk_backplot.vtk_backplot - DEBUG - ---------active_wcs_index 0
2025-03-03 15:54:25,793 - qtpyvcp.widgets.display_widgets.vtk_backplot.vtk_backplot - DEBUG - ---------active_wcs_offset (0.0, 0.0, 0.0, 0.0, 0.0, 0.0, 0.0, 0.0, 0.0)
2025-03-03 15:54:25,793 - qtpyvcp.widgets.display_widgets.vtk_backplot.vtk_backplot - DEBUG - ---------wcs_offsets {0: [0.0, 0.0, 0.0, 0.0, 0.0, 0.0], 1: [0.0, 0.0, 0.0, 0.0, 0.0, 0.0], 2: [0.0, 0.0, 0.0, 0.0, 0.0, 0.0], 3: [0.0, 0.0, 0.0, 0.0, 0.0, 0.0], 4: [0.0, 0.0, 0.0, 0.0, 0.0, 0.0], 5: [0.0, 0.0, 0.0, 0.0, 0.0, 0.0], 6: [0.0, 0.0, 0.0, 0.0, 0.0, 0.0], 7: [0.0, 0.0, 0.0, 0.0, 0.0, 0.0], 8: [0.0, 0.0, 0.0, 0.0, 0.0, 0.0]}
2025-03-03 15:54:25,825 - qtpyvcp.widgets.display_widgets.vtk_backplot.vtk_backplot - DEBUG - ---------translate: (0.0, 0.0, 0.0)
2025-03-03 15:54:25,825 - qtpyvcp.widgets.display_widgets.vtk_backplot.vtk_backplot - DEBUG - ---------active_wcs_offset: (0.0, 0.0, 0.0, 0.0, 0.0, 0.0, 0.0, 0.0, 0.0)
2025-03-03 15:54:25,828 - qtpyvcp.widgets.display_widgets.vtk_backplot.vtk_backplot - DEBUG - show grid
2025-03-03 15:54:26,144 - qtpyvcp.widgets.display_widgets.vtk_backplot.vtk_backplot - DEBUG - Setting view to: P
2025-03-03 15:54:26,154 - qtpyvcp.widgets.display_widgets.vtk_backplot.vtk_canon - DEBUG - VTKCanon --- Init ---
2025-03-03 15:54:26,155 - qtpyvcp.widgets.display_widgets.vtk_backplot.linuxcnc_datasource - DEBUG - FPS = 30
2025-03-03 15:54:26,155 - qtpyvcp.widgets.display_widgets.vtk_backplot.vtk_canon - DEBUG -  G5x offsets = (0.0, 0.0, 0.0, 0.0, 0.0, 0.0, 0.0, 0.0, 0.0)
2025-03-03 15:54:26,155 - qtpyvcp.widgets.display_widgets.vtk_backplot.vtk_canon - DEBUG - XY Rotation = 0.0
2025-03-03 15:54:26,155 - qtpyvcp.widgets.display_widgets.vtk_backplot.vtk_canon - DEBUG - VTKCanon --- Init Done ---
2025-03-03 15:54:26,155 - qtpyvcp.widgets.display_widgets.vtk_backplot.vtk_backplot - DEBUG - Setting view to: P
2025-03-03 15:54:26,752 - qtpyvcp.widgets.display_widgets.vtk_backplot.vtk_backplot - DEBUG - @@@@@@@@@@@@@@@@@@@@@@@@@@@@@@@@@@@
2025-03-03 15:54:26,753 - qtpyvcp.widgets.display_widgets.vtk_backplot.vtk_backplot - DEBUG - @@@@@@@@@@  __init__  END @@@@@@@@@
2025-03-03 15:54:26,753 - qtpyvcp.widgets.display_widgets.vtk_backplot.vtk_backplot - DEBUG - @@@@@@@@@@@@@@@@@@@@@@@@@@@@@@@@@@@
2025-03-03 15:54:29,039 - qtpyvcp.widgets.display_widgets.vtk_backplot.vtk_backplot - DEBUG - -----setViewMachine
2025-03-03 15:54:29,039 - qtpyvcp.widgets.display_widgets.vtk_backplot.vtk_backplot - DEBUG - -----machine_bounds: (-0.001, 26.5, -16.01, 0.0, -18.0, 0.01)
2025-03-03 15:54:29,039 - qtpyvcp.widgets.display_widgets.vtk_backplot.vtk_backplot - DEBUG - -----machine_center: (13.2495, -8.005, -8.995)
2025-03-03 15:54:29,039 - qtpyvcp.widgets.display_widgets.vtk_backplot.vtk_backplot - DEBUG - -----x_dist: 26.501
2025-03-03 15:54:29,040 - qtpyvcp.widgets.display_widgets.vtk_backplot.vtk_backplot - DEBUG - -----y_dist: 16.01
2025-03-03 15:54:29,040 - qtpyvcp.widgets.display_widgets.vtk_backplot.vtk_backplot - DEBUG - -----z_dist: 18.01
2025-03-03 15:54:29,065 - qtpyvcp.plugins - DEBUG - Post GUI Initializing 'status' plugin
2025-03-03 15:54:29,066 - qtpyvcp.plugins - DEBUG - Post GUI Initializing 'persistent_data_manager' plugin
2025-03-03 15:54:29,066 - qtpyvcp.plugins - DEBUG - Post GUI Initializing 'settings' plugin
2025-03-03 15:54:29,066 - qtpyvcp.plugins - DEBUG - Post GUI Initializing 'position' plugin
2025-03-03 15:54:29,066 - qtpyvcp.plugins - DEBUG - Post GUI Initializing 'tooltable' plugin
2025-03-03 15:54:29,066 - qtpyvcp.plugins - DEBUG - Post GUI Initializing 'offsettable' plugin
2025-03-03 15:54:29,066 - qtpyvcp.plugins - DEBUG - Post GUI Initializing 'notifications' plugin
2025-03-03 15:54:29,066 - qtpyvcp.plugins - DEBUG - Post GUI Initializing 'file_locations' plugin
2025-03-03 15:54:29,066 - qtpyvcp.plugins - DEBUG - Post GUI Initializing 'exportedhal' plugin
2025-03-03 15:54:29,066 - qtpyvcp.plugins - DEBUG - Post GUI Initializing 'virtual_input' plugin
2025-03-03 15:54:29,066 - qtpyvcp.plugins - DEBUG - Post GUI Initializing 'gcode_properties' plugin
2025-03-03 15:54:29,251 - qtpyvcp.app.launcher - DEBUG - Time: 5.381 (+3.892) - done loading windows
2025-03-03 15:54:29,251 - qtpyvcp.app.launcher - DEBUG - Initializing widgets
2025-03-03 15:54:29,262 - qtpyvcp.hal - DEBUG - Using existing HAL component: qtpyvcp
2025-03-03 15:54:29,262 - qtpyvcp.hal.hal_qlib - DEBUG - Adding HAL pin: qtpyvcp.probe-led.on (<class 'type'> in)
2025-03-03 15:54:29,262 - qtpyvcp.hal.hal_qlib - DEBUG - Adding HAL pin: qtpyvcp.probe-led.flash (<class 'type'> in)
2025-03-03 15:54:29,262 - qtpyvcp.hal.hal_qlib - DEBUG - Adding HAL pin: qtpyvcp.probe-led.flash-rate (<class 'type'> in)
2025-03-03 15:54:29,265 - qtpyvcp.hal - DEBUG - Using existing HAL component: qtpyvcp
2025-03-03 15:54:29,266 - qtpyvcp.hal.hal_qlib - DEBUG - Adding HAL pin: qtpyvcp.probe-in.enable (<class 'type'> in)
2025-03-03 15:54:29,266 - qtpyvcp.hal.hal_qlib - DEBUG - Adding HAL pin: qtpyvcp.probe-in.out (<class 'type'> out)
2025-03-03 15:54:29,266 - qtpyvcp.hal.hal_qlib - DEBUG - Adding HAL pin: qtpyvcp.probe-in.io (<class 'type'> io)
2025-03-03 15:54:29,271 - qtpyvcp.hal - DEBUG - Using existing HAL component: qtpyvcp
2025-03-03 15:54:29,271 - qtpyvcp.hal.hal_qlib - DEBUG - Adding HAL pin: qtpyvcp.timerseconds.enable (<class 'type'> in)
2025-03-03 15:54:29,271 - qtpyvcp.hal.hal_qlib - DEBUG - Adding HAL pin: qtpyvcp.timerseconds.in (<class 'type'> in)
2025-03-03 15:54:29,274 - qtpyvcp.hal - DEBUG - Using existing HAL component: qtpyvcp
2025-03-03 15:54:29,274 - qtpyvcp.hal.hal_qlib - DEBUG - Adding HAL pin: qtpyvcp.spindle-encoder-rpm.enable (<class 'type'> in)
2025-03-03 15:54:29,275 - qtpyvcp.hal.hal_qlib - DEBUG - Adding HAL pin: qtpyvcp.spindle-encoder-rpm.in (<class 'type'> in)
2025-03-03 15:54:29,277 - qtpyvcp.hal - DEBUG - Using existing HAL component: qtpyvcp
2025-03-03 15:54:29,277 - qtpyvcp.hal.hal_qlib - DEBUG - Adding HAL pin: qtpyvcp.timerhours.enable (<class 'type'> in)
2025-03-03 15:54:29,277 - qtpyvcp.hal.hal_qlib - DEBUG - Adding HAL pin: qtpyvcp.timerhours.in (<class 'type'> in)
2025-03-03 15:54:29,278 - qtpyvcp.hal - DEBUG - Using existing HAL component: qtpyvcp
2025-03-03 15:54:29,278 - qtpyvcp.hal.hal_qlib - DEBUG - Adding HAL pin: qtpyvcp.timerminutes.enable (<class 'type'> in)
2025-03-03 15:54:29,279 - qtpyvcp.hal.hal_qlib - DEBUG - Adding HAL pin: qtpyvcp.timerminutes.in (<class 'type'> in)
2025-03-03 15:54:29,281 - qtpyvcp.hal - DEBUG - Using existing HAL component: qtpyvcp
2025-03-03 15:54:29,281 - qtpyvcp.hal.hal_qlib - DEBUG - Adding HAL pin: qtpyvcp.spindle-load-indicator.in-f (<class 'type'> in)
2025-03-03 15:54:29,281 - qtpyvcp.hal.hal_qlib - DEBUG - Adding HAL pin: qtpyvcp.spindle-load-indicator.in-i (<class 'type'> in)
2025-03-03 15:54:29,282 - qtpyvcp.hal.hal_qlib - DEBUG - Adding HAL pin: qtpyvcp.spindle-load-indicator.min-val (<class 'type'> in)
2025-03-03 15:54:29,282 - qtpyvcp.hal.hal_qlib - DEBUG - Adding HAL pin: qtpyvcp.spindle-load-indicator.max-val (<class 'type'> in)
2025-03-03 15:54:29,287 - qtpyvcp.app.launcher - DEBUG - Time: 5.417 (+0.036) - done initializing widgets
2025-03-03 15:54:29,306 - qtpyvcp.app.launcher - INFO - Loading POSTGUI_HALFILE: /home/burketruck/linuxcnc/configs/probe_basic/hallib/probe_basic_postgui.hal
2025-03-03 15:56:33,593 - qtpyvcp.actions.machine_actions - DEBUG - Setting state ESTOP_RESET
2025-03-03 15:56:33,664 - qtpyvcp.plugins.offset_table - DEBUG - Params file changed: /home/burketruck/linuxcnc/configs/probe_basic/sim.var
2025-03-03 15:56:33,717 - qtpyvcp.widgets.display_widgets.vtk_backplot.vtk_backplot - DEBUG - on_offset_table_changed
2025-03-03 15:56:33,717 - qtpyvcp.widgets.display_widgets.vtk_backplot.vtk_backplot - DEBUG - @@@@@@@@@@@@@@@@@@@@@@@@@@@@@@@@@@@@@@
2025-03-03 15:56:33,717 - qtpyvcp.widgets.display_widgets.vtk_backplot.vtk_backplot - DEBUG - @@@@@@@@@ ROTATE & TRANSLATE @@@@@@@@@
2025-03-03 15:56:33,717 - qtpyvcp.widgets.display_widgets.vtk_backplot.vtk_backplot - DEBUG - @@@@@@@@@@@@@@@@@@@@@@@@@@@@@@@@@@@@@@
2025-03-03 15:56:33,757 - qtpyvcp.plugins.offset_table - DEBUG - Params file changed: /home/burketruck/linuxcnc/configs/probe_basic/sim.var
2025-03-03 15:56:33,808 - qtpyvcp.widgets.display_widgets.vtk_backplot.vtk_backplot - DEBUG - on_offset_table_changed
2025-03-03 15:56:33,808 - qtpyvcp.widgets.display_widgets.vtk_backplot.vtk_backplot - DEBUG - @@@@@@@@@@@@@@@@@@@@@@@@@@@@@@@@@@@@@@
2025-03-03 15:56:33,809 - qtpyvcp.widgets.display_widgets.vtk_backplot.vtk_backplot - DEBUG - @@@@@@@@@ ROTATE & TRANSLATE @@@@@@@@@
2025-03-03 15:56:33,809 - qtpyvcp.widgets.display_widgets.vtk_backplot.vtk_backplot - DEBUG - @@@@@@@@@@@@@@@@@@@@@@@@@@@@@@@@@@@@@@
2025-03-03 15:56:35,435 - qtpyvcp.actions.machine_actions - DEBUG - Setting state ON
2025-03-03 15:56:35,511 - qtpyvcp.plugins.status - DEBUG - JOINT_0 enabled: 1
2025-03-03 15:56:35,511 - qtpyvcp.plugins.status - DEBUG - JOINT_1 enabled: 1
2025-03-03 15:56:35,511 - qtpyvcp.plugins.status - DEBUG - JOINT_2 enabled: 1
2025-03-03 15:56:35,511 - qtpyvcp.plugins.status - DEBUG - JOINT_3 enabled: 1
2025-03-03 15:56:35,511 - qtpyvcp.plugins.status - DEBUG - JOINT_4 enabled: 1
2025-03-03 15:57:04,671 - qtpyvcp.actions.machine_actions - INFO - Homing all axes
2025-03-03 15:57:04,763 - qtpyvcp.plugins.status - DEBUG - JOINT_2 homing: 1
2025-03-03 15:57:04,764 - qtpyvcp.plugins.status - DEBUG - JOINT_3 homing: 1
2025-03-03 15:57:04,764 - qtpyvcp.plugins.status - DEBUG - JOINT_4 homing: 1
2025-03-03 15:57:04,816 - qtpyvcp.plugins.status - DEBUG - JOINT_2 velocity: 0.02
2025-03-03 15:57:04,816 - qtpyvcp.plugins.status - DEBUG - JOINT_2 output: 2e-05
2025-03-03 15:57:04,816 - qtpyvcp.plugins.status - DEBUG - JOINT_2 inpos: 0
2025-03-03 15:57:04,817 - qtpyvcp.plugins.status - DEBUG - JOINT_3 output: 0.0012
2025-03-03 15:57:04,817 - qtpyvcp.plugins.status - DEBUG - JOINT_3 velocity: 1.2
2025-03-03 15:57:04,817 - qtpyvcp.plugins.status - DEBUG - JOINT_3 inpos: 0
2025-03-03 15:57:04,817 - qtpyvcp.plugins.status - DEBUG - JOINT_4 output: 0.0012
2025-03-03 15:57:04,817 - qtpyvcp.plugins.status - DEBUG - JOINT_4 velocity: 1.2
2025-03-03 15:57:04,817 - qtpyvcp.plugins.status - DEBUG - JOINT_4 inpos: 0
2025-03-03 15:57:04,962 - qtpyvcp.plugins.status - DEBUG - JOINT_2 input: 0.051120000000000027
2025-03-03 15:57:04,962 - qtpyvcp.plugins.status - DEBUG - JOINT_2 ferror_highmark: 1.734723475976807e-18
2025-03-03 15:57:04,962 - qtpyvcp.plugins.status - DEBUG - JOINT_2 velocity: 1.4400000000000008
2025-03-03 15:57:04,963 - qtpyvcp.plugins.status - DEBUG - JOINT_2 output: 0.05256000000000003
2025-03-03 15:57:04,963 - qtpyvcp.plugins.status - DEBUG - JOINT_3 ferror_highmark: 1.734723475976807e-18
2025-03-03 15:57:04,963 - qtpyvcp.plugins.status - DEBUG - JOINT_3 input: 0.21060000000000015
2025-03-03 15:57:04,963 - qtpyvcp.plugins.status - DEBUG - JOINT_3 output: 0.21360000000000015
2025-03-03 15:57:04,963 - qtpyvcp.plugins.status - DEBUG - JOINT_3 velocity: 3.0
2025-03-03 15:57:04,963 - qtpyvcp.plugins.status - DEBUG - JOINT_4 ferror_highmark: 1.734723475976807e-18
2025-03-03 15:57:04,963 - qtpyvcp.plugins.status - DEBUG - JOINT_4 input: 0.21060000000000015
2025-03-03 15:57:04,963 - qtpyvcp.plugins.status - DEBUG - JOINT_4 output: 0.21360000000000015
2025-03-03 15:57:04,963 - qtpyvcp.plugins.status - DEBUG - JOINT_4 velocity: 3.0
2025-03-03 15:57:04,987 - qtpyvcp.plugins.status - DEBUG - JOINT_2 input: 0.21170000000000014
2025-03-03 15:57:04,987 - qtpyvcp.plugins.status - DEBUG - JOINT_2 velocity: 2.920000000000002
2025-03-03 15:57:04,987 - qtpyvcp.plugins.status - DEBUG - JOINT_2 output: 0.21462000000000014
2025-03-03 15:57:04,987 - qtpyvcp.plugins.status - DEBUG - JOINT_3 output: 0.4356000000000003
2025-03-03 15:57:04,987 - qtpyvcp.plugins.status - DEBUG - JOINT_3 input: 0.4326000000000003
2025-03-03 15:57:04,987 - qtpyvcp.plugins.status - DEBUG - JOINT_3 ferror_highmark: 2.7755575615628914e-17
2025-03-03 15:57:04,988 - qtpyvcp.plugins.status - DEBUG - JOINT_4 output: 0.4356000000000003
2025-03-03 15:57:04,988 - qtpyvcp.plugins.status - DEBUG - JOINT_4 input: 0.4326000000000003
2025-03-03 15:57:04,988 - qtpyvcp.plugins.status - DEBUG - JOINT_4 ferror_highmark: 2.7755575615628914e-17
2025-03-03 15:57:05,060 - qtpyvcp.plugins.status - DEBUG - JOINT_2 output: 0.45450000000000035
2025-03-03 15:57:05,060 - qtpyvcp.plugins.status - DEBUG - JOINT_2 input: 0.45150000000000035
2025-03-03 15:57:05,060 - qtpyvcp.plugins.status - DEBUG - JOINT_2 velocity: 3.0
2025-03-03 15:57:05,061 - qtpyvcp.plugins.status - DEBUG - JOINT_3 ferror_highmark: 5.551115123125783e-17
2025-03-03 15:57:05,061 - qtpyvcp.plugins.status - DEBUG - JOINT_3 input: 0.6726000000000005
2025-03-03 15:57:05,061 - qtpyvcp.plugins.status - DEBUG - JOINT_3 output: 0.6756000000000005
2025-03-03 15:57:05,061 - qtpyvcp.plugins.status - DEBUG - JOINT_4 ferror_highmark: 5.551115123125783e-17
2025-03-03 15:57:05,061 - qtpyvcp.plugins.status - DEBUG - JOINT_4 input: 0.6726000000000005
2025-03-03 15:57:05,061 - qtpyvcp.plugins.status - DEBUG - JOINT_4 output: 0.6756000000000005
2025-03-03 15:57:05,139 - qtpyvcp.plugins.status - DEBUG - JOINT_2 output: 0.6675000000000005
2025-03-03 15:57:05,140 - qtpyvcp.plugins.status - DEBUG - JOINT_2 ferror_highmark: 5.551115123125783e-17
2025-03-03 15:57:05,140 - qtpyvcp.plugins.status - DEBUG - JOINT_2 input: 0.6645000000000005
2025-03-03 15:57:05,140 - qtpyvcp.plugins.status - DEBUG - JOINT_3 input: 0.8856000000000007
2025-03-03 15:57:05,140 - qtpyvcp.plugins.status - DEBUG - JOINT_3 output: 0.8886000000000007
2025-03-03 15:57:05,140 - qtpyvcp.plugins.status - DEBUG - JOINT_4 input: 0.8856000000000007
2025-03-03 15:57:05,140 - qtpyvcp.plugins.status - DEBUG - JOINT_4 output: 0.8886000000000007
2025-03-03 15:57:05,212 - qtpyvcp.plugins.status - DEBUG - JOINT_2 input: 0.8745000000000007
2025-03-03 15:57:05,212 - qtpyvcp.plugins.status - DEBUG - JOINT_2 output: 0.8775000000000007
2025-03-03 15:57:05,212 - qtpyvcp.plugins.status - DEBUG - JOINT_3 output: 1.0985999999999974
2025-03-03 15:57:05,213 - qtpyvcp.plugins.status - DEBUG - JOINT_3 input: 1.0955999999999975
2025-03-03 15:57:05,213 - qtpyvcp.plugins.status - DEBUG - JOINT_4 output: 1.0985999999999974
2025-03-03 15:57:05,213 - qtpyvcp.plugins.status - DEBUG - JOINT_4 input: 1.0955999999999975
2025-03-03 15:57:05,286 - qtpyvcp.plugins.status - DEBUG - JOINT_2 input: 1.1174999999999966
2025-03-03 15:57:05,287 - qtpyvcp.plugins.status - DEBUG - JOINT_2 output: 1.1204999999999965
2025-03-03 15:57:05,287 - qtpyvcp.plugins.status - DEBUG - JOINT_3 output: 1.3415999999999886
2025-03-03 15:57:05,287 - qtpyvcp.plugins.status - DEBUG - JOINT_3 input: 1.3385999999999887
2025-03-03 15:57:05,287 - qtpyvcp.plugins.status - DEBUG - JOINT_4 output: 1.3415999999999886
2025-03-03 15:57:05,287 - qtpyvcp.plugins.status - DEBUG - JOINT_4 input: 1.3385999999999887
2025-03-03 15:57:05,361 - qtpyvcp.plugins.status - DEBUG - JOINT_2 output: 1.330499999999989
2025-03-03 15:57:05,361 - qtpyvcp.plugins.status - DEBUG - JOINT_2 input: 1.327499999999989
2025-03-03 15:57:05,361 - qtpyvcp.plugins.status - DEBUG - JOINT_3 input: 1.548599999999981
2025-03-03 15:57:05,361 - qtpyvcp.plugins.status - DEBUG - JOINT_3 output: 1.551599999999981
2025-03-03 15:57:05,362 - qtpyvcp.plugins.status - DEBUG - JOINT_4 input: 1.548599999999981
2025-03-03 15:57:05,362 - qtpyvcp.plugins.status - DEBUG - JOINT_4 output: 1.551599999999981
2025-03-03 15:57:05,438 - qtpyvcp.plugins.status - DEBUG - JOINT_2 output: 1.5734999999999801
2025-03-03 15:57:05,439 - qtpyvcp.plugins.status - DEBUG - JOINT_2 input: 1.5704999999999802
2025-03-03 15:57:05,439 - qtpyvcp.plugins.status - DEBUG - JOINT_3 output: 1.7945999999999722
2025-03-03 15:57:05,439 - qtpyvcp.plugins.status - DEBUG - JOINT_3 input: 1.7915999999999723
2025-03-03 15:57:05,439 - qtpyvcp.plugins.status - DEBUG - JOINT_4 output: 1.7945999999999722
2025-03-03 15:57:05,439 - qtpyvcp.plugins.status - DEBUG - JOINT_4 input: 1.7915999999999723
2025-03-03 15:57:05,511 - qtpyvcp.plugins.status - DEBUG - JOINT_2 input: 1.7834999999999726
2025-03-03 15:57:05,512 - qtpyvcp.plugins.status - DEBUG - JOINT_2 output: 1.7864999999999724
2025-03-03 15:57:05,512 - qtpyvcp.plugins.status - DEBUG - JOINT_3 output: 2.007599999999965
2025-03-03 15:57:05,512 - qtpyvcp.plugins.status - DEBUG - JOINT_3 ferror_highmark: 2.220446049250313e-16
2025-03-03 15:57:05,512 - qtpyvcp.plugins.status - DEBUG - JOINT_3 input: 2.004599999999965
2025-03-03 15:57:05,512 - qtpyvcp.plugins.status - DEBUG - JOINT_4 output: 2.007599999999965
2025-03-03 15:57:05,512 - qtpyvcp.plugins.status - DEBUG - JOINT_4 ferror_highmark: 2.220446049250313e-16
2025-03-03 15:57:05,512 - qtpyvcp.plugins.status - DEBUG - JOINT_4 input: 2.004599999999965
2025-03-03 15:57:05,586 - qtpyvcp.plugins.status - DEBUG - JOINT_2 output: 2.011499999999965
2025-03-03 15:57:05,586 - qtpyvcp.plugins.status - DEBUG - JOINT_2 input: 2.008499999999965
2025-03-03 15:57:05,587 - qtpyvcp.plugins.status - DEBUG - JOINT_3 output: 1.0024
2025-03-03 15:57:05,587 - qtpyvcp.plugins.status - DEBUG - JOINT_3 inpos: 1
2025-03-03 15:57:05,587 - qtpyvcp.plugins.status - DEBUG - JOINT_3 velocity: 0.0
2025-03-03 15:57:05,587 - qtpyvcp.plugins.status - DEBUG - JOINT_3 ferror_current: -2.220446049250313e-16
2025-03-03 15:57:05,587 - qtpyvcp.plugins.status - DEBUG - JOINT_3 input: 1.0024000000000002
2025-03-03 15:57:05,587 - qtpyvcp.plugins.status - DEBUG - JOINT_4 output: 1.0024
2025-03-03 15:57:05,587 - qtpyvcp.plugins.status - DEBUG - JOINT_4 inpos: 1
2025-03-03 15:57:05,587 - qtpyvcp.plugins.status - DEBUG - JOINT_4 velocity: 0.0
2025-03-03 15:57:05,588 - qtpyvcp.plugins.status - DEBUG - JOINT_4 ferror_current: -2.220446049250313e-16
2025-03-03 15:57:05,588 - qtpyvcp.plugins.status - DEBUG - JOINT_4 input: 1.0024000000000002
2025-03-03 15:57:05,661 - qtpyvcp.plugins.status - DEBUG - JOINT_2 velocity: 1.3799999999999986
2025-03-03 15:57:05,661 - qtpyvcp.plugins.status - DEBUG - JOINT_2 output: 1.17658
2025-03-03 15:57:05,661 - qtpyvcp.plugins.status - DEBUG - JOINT_2 input: 1.1752000000000002
2025-03-03 15:57:05,661 - qtpyvcp.plugins.status - DEBUG - JOINT_2 ferror_highmark: 2.220446049250313e-16
2025-03-03 15:57:05,661 - qtpyvcp.plugins.status - DEBUG - JOINT_2 ferror_current: -2.220446049250313e-16
2025-03-03 15:57:05,662 - qtpyvcp.plugins.status - DEBUG - JOINT_3 ferror_current: -1.1102230246251565e-16
2025-03-03 15:57:05,662 - qtpyvcp.plugins.status - DEBUG - JOINT_3 input: 0.9783999999999999
2025-03-03 15:57:05,662 - qtpyvcp.plugins.status - DEBUG - JOINT_3 output: 0.9783999999999998
2025-03-03 15:57:05,662 - qtpyvcp.plugins.status - DEBUG - JOINT_4 ferror_current: -1.1102230246251565e-16
2025-03-03 15:57:05,662 - qtpyvcp.plugins.status - DEBUG - JOINT_4 input: 0.9783999999999999
2025-03-03 15:57:05,662 - qtpyvcp.plugins.status - DEBUG - JOINT_4 output: 0.9783999999999998
2025-03-03 15:57:05,737 - qtpyvcp.plugins.status - DEBUG - JOINT_2 input: 1.2234999999999996
2025-03-03 15:57:05,737 - qtpyvcp.plugins.status - DEBUG - JOINT_2 inpos: 1
2025-03-03 15:57:05,737 - qtpyvcp.plugins.status - DEBUG - JOINT_2 velocity: 0.0
2025-03-03 15:57:05,737 - qtpyvcp.plugins.status - DEBUG - JOINT_2 ferror_current: 0.0
2025-03-03 15:57:05,737 - qtpyvcp.plugins.status - DEBUG - JOINT_2 output: 1.2234999999999996
2025-03-03 15:57:05,737 - qtpyvcp.plugins.status - DEBUG - JOINT_3 output: 0.9805999999999996
2025-03-03 15:57:05,737 - qtpyvcp.plugins.status - DEBUG - JOINT_3 inpos: 0
2025-03-03 15:57:05,738 - qtpyvcp.plugins.status - DEBUG - JOINT_3 ferror_current: 1.1102230246251565e-16
2025-03-03 15:57:05,738 - qtpyvcp.plugins.status - DEBUG - JOINT_3 velocity: 0.2
2025-03-03 15:57:05,738 - qtpyvcp.plugins.status - DEBUG - JOINT_3 input: 0.9803999999999995
2025-03-03 15:57:05,738 - qtpyvcp.plugins.status - DEBUG - JOINT_4 output: 0.9805999999999996
2025-03-03 15:57:05,738 - qtpyvcp.plugins.status - DEBUG - JOINT_4 inpos: 0
2025-03-03 15:57:05,738 - qtpyvcp.plugins.status - DEBUG - JOINT_4 ferror_current: 1.1102230246251565e-16
2025-03-03 15:57:05,738 - qtpyvcp.plugins.status - DEBUG - JOINT_4 velocity: 0.2
2025-03-03 15:57:05,738 - qtpyvcp.plugins.status - DEBUG - JOINT_4 input: 0.9803999999999995
2025-03-03 15:57:05,812 - qtpyvcp.plugins.status - DEBUG - JOINT_3 input: 0.9965999999999977
2025-03-03 15:57:05,812 - qtpyvcp.plugins.status - DEBUG - JOINT_3 output: 0.9967999999999978
2025-03-03 15:57:05,812 - qtpyvcp.plugins.status - DEBUG - JOINT_4 input: 0.9965999999999977
2025-03-03 15:57:05,812 - qtpyvcp.plugins.status - DEBUG - JOINT_4 output: 0.9967999999999978
2025-03-03 15:57:05,904 - qtpyvcp.plugins.status - DEBUG - JOINT_2 input: 1.19698
2025-03-03 15:57:05,904 - qtpyvcp.plugins.status - DEBUG - JOINT_2 velocity: -1.0400000000000005
2025-03-03 15:57:05,904 - qtpyvcp.plugins.status - DEBUG - JOINT_2 ferror_current: -2.220446049250313e-16
2025-03-03 15:57:05,904 - qtpyvcp.plugins.status - DEBUG - JOINT_2 inpos: 0
2025-03-03 15:57:05,904 - qtpyvcp.plugins.status - DEBUG - JOINT_2 output: 1.1959399999999998
2025-03-03 15:57:05,905 - qtpyvcp.plugins.status - DEBUG - JOINT_3 homed: 1
2025-03-03 15:57:05,905 - qtpyvcp.plugins.status - DEBUG - JOINT_3 inpos: 1
2025-03-03 15:57:05,905 - qtpyvcp.plugins.status - DEBUG - JOINT_3 homing: 0
2025-03-03 15:57:05,905 - qtpyvcp.plugins.status - DEBUG - JOINT_3 velocity: 0.0
2025-03-03 15:57:05,905 - qtpyvcp.plugins.status - DEBUG - JOINT_3 input: 3.0545264095849234e-09
2025-03-03 15:57:05,905 - qtpyvcp.plugins.status - DEBUG - JOINT_3 ferror_current: -8.579130854617818e-17
2025-03-03 15:57:05,905 - qtpyvcp.plugins.status - DEBUG - JOINT_3 output: 0.0
2025-03-03 15:57:05,906 - qtpyvcp.plugins.status - DEBUG - JOINT_4 homed: 1
2025-03-03 15:57:05,906 - qtpyvcp.plugins.status - DEBUG - JOINT_4 inpos: 1
2025-03-03 15:57:05,906 - qtpyvcp.plugins.status - DEBUG - JOINT_4 homing: 0
2025-03-03 15:57:05,906 - qtpyvcp.plugins.status - DEBUG - JOINT_4 velocity: 0.0
2025-03-03 15:57:05,906 - qtpyvcp.plugins.status - DEBUG - JOINT_4 input: 3.0545264095849234e-09
2025-03-03 15:57:05,906 - qtpyvcp.plugins.status - DEBUG - JOINT_4 ferror_current: -8.579130854617818e-17
2025-03-03 15:57:05,906 - qtpyvcp.plugins.status - DEBUG - JOINT_4 output: 0.0
2025-03-03 15:57:05,961 - qtpyvcp.plugins.status - DEBUG - JOINT_2 output: 1.0709799999999996
2025-03-03 15:57:05,962 - qtpyvcp.plugins.status - DEBUG - JOINT_2 input: 1.0734399999999997
2025-03-03 15:57:05,962 - qtpyvcp.plugins.status - DEBUG - JOINT_2 velocity: -2.4600000000000017
2025-03-03 15:57:05,962 - qtpyvcp.plugins.status - DEBUG - JOINT_3 input: 0.0
2025-03-03 15:57:05,962 - qtpyvcp.plugins.status - DEBUG - JOINT_3 ferror_current: 0.0
2025-03-03 15:57:05,962 - qtpyvcp.plugins.status - DEBUG - JOINT_4 input: 0.0
2025-03-03 15:57:05,962 - qtpyvcp.plugins.status - DEBUG - JOINT_4 ferror_current: 0.0
2025-03-03 15:57:06,036 - qtpyvcp.plugins.status - DEBUG - JOINT_2 ferror_current: -1.1102230246251565e-16
2025-03-03 15:57:06,036 - qtpyvcp.plugins.status - DEBUG - JOINT_2 output: 0.8605599999999997
2025-03-03 15:57:06,036 - qtpyvcp.plugins.status - DEBUG - JOINT_2 velocity: -2.059999999999999
2025-03-03 15:57:06,036 - qtpyvcp.plugins.status - DEBUG - JOINT_2 input: 0.8626199999999997
2025-03-03 15:57:06,037 - qtpyvcp.plugins.status - DEBUG - JOINT_2 ferror_highmark: 3.3306690738754696e-16
2025-03-03 15:57:06,112 - qtpyvcp.plugins.status - DEBUG - JOINT_2 input: 0.76606
2025-03-03 15:57:06,112 - qtpyvcp.plugins.status - DEBUG - JOINT_2 output: 0.7654199999999998
2025-03-03 15:57:06,112 - qtpyvcp.plugins.status - DEBUG - JOINT_2 ferror_current: -2.220446049250313e-16
2025-03-03 15:57:06,112 - qtpyvcp.plugins.status - DEBUG - JOINT_2 velocity: -0.6399999999999979
2025-03-03 15:57:06,186 - qtpyvcp.plugins.status - DEBUG - JOINT_2 inpos: 1
2025-03-03 15:57:06,186 - qtpyvcp.plugins.status - DEBUG - JOINT_2 input: 0.7555000000000001
2025-03-03 15:57:06,186 - qtpyvcp.plugins.status - DEBUG - JOINT_2 velocity: 0.0
2025-03-03 15:57:06,187 - qtpyvcp.plugins.status - DEBUG - JOINT_2 output: 0.7554999999999998
2025-03-03 15:57:06,261 - qtpyvcp.plugins.status - DEBUG - JOINT_2 ferror_current: -1.1102230246251565e-16
2025-03-03 15:57:06,261 - qtpyvcp.plugins.status - DEBUG - JOINT_2 output: 0.7583999999999996
2025-03-03 15:57:06,262 - qtpyvcp.plugins.status - DEBUG - JOINT_2 inpos: 0
2025-03-03 15:57:06,262 - qtpyvcp.plugins.status - DEBUG - JOINT_2 velocity: 0.2
2025-03-03 15:57:06,262 - qtpyvcp.plugins.status - DEBUG - JOINT_2 input: 0.7581999999999998
2025-03-03 15:57:06,336 - qtpyvcp.plugins.status - DEBUG - JOINT_2 ferror_current: 1.1102230246251565e-16
2025-03-03 15:57:06,336 - qtpyvcp.plugins.status - DEBUG - JOINT_2 input: 0.7741999999999978
2025-03-03 15:57:06,336 - qtpyvcp.plugins.status - DEBUG - JOINT_2 output: 0.7743999999999979
2025-03-03 15:57:06,410 - qtpyvcp.plugins.status - DEBUG - JOINT_2 output: 0.7885999999999963
2025-03-03 15:57:06,411 - qtpyvcp.plugins.status - DEBUG - JOINT_2 input: 0.7883999999999962
2025-03-03 15:57:06,487 - qtpyvcp.plugins.status - DEBUG - JOINT_2 input: 0.8043999999999945
2025-03-03 15:57:06,488 - qtpyvcp.plugins.status - DEBUG - JOINT_2 output: 0.8045999999999945
2025-03-03 15:57:06,561 - qtpyvcp.plugins.status - DEBUG - JOINT_2 input: 0.8185999999999929
2025-03-03 15:57:06,561 - qtpyvcp.plugins.status - DEBUG - JOINT_2 output: 0.818799999999993
2025-03-03 15:57:06,637 - qtpyvcp.plugins.status - DEBUG - JOINT_2 input: 0.8345999999999911
2025-03-03 15:57:06,637 - qtpyvcp.plugins.status - DEBUG - JOINT_2 output: 0.8347999999999912
2025-03-03 15:57:06,711 - qtpyvcp.plugins.status - DEBUG - JOINT_2 input: 0.8487999999999896
2025-03-03 15:57:06,712 - qtpyvcp.plugins.status - DEBUG - JOINT_2 output: 0.8489999999999897
2025-03-03 15:57:06,787 - qtpyvcp.plugins.status - DEBUG - JOINT_2 output: 0.8629999999999881
2025-03-03 15:57:06,787 - qtpyvcp.plugins.status - DEBUG - JOINT_2 input: 0.862799999999988
2025-03-03 15:57:06,861 - qtpyvcp.plugins.status - DEBUG - JOINT_2 input: 0.8789999999999862
2025-03-03 15:57:06,862 - qtpyvcp.plugins.status - DEBUG - JOINT_2 output: 0.8791999999999863
2025-03-03 15:57:06,937 - qtpyvcp.plugins.status - DEBUG - JOINT_2 output: 0.8931999999999848
2025-03-03 15:57:06,937 - qtpyvcp.plugins.status - DEBUG - JOINT_2 input: 0.8929999999999847
2025-03-03 15:57:07,011 - qtpyvcp.plugins.status - DEBUG - JOINT_2 input: 0.9075999999999831
2025-03-03 15:57:07,011 - qtpyvcp.plugins.status - DEBUG - JOINT_2 output: 0.9077999999999832
2025-03-03 15:57:07,087 - qtpyvcp.plugins.status - DEBUG - JOINT_2 output: 0.9237999999999814
2025-03-03 15:57:07,087 - qtpyvcp.plugins.status - DEBUG - JOINT_2 input: 0.9235999999999813
2025-03-03 15:57:07,161 - qtpyvcp.plugins.status - DEBUG - JOINT_2 input: 0.9377999999999798
2025-03-03 15:57:07,161 - qtpyvcp.plugins.status - DEBUG - JOINT_2 output: 0.9379999999999798
2025-03-03 15:57:07,236 - qtpyvcp.plugins.status - DEBUG - JOINT_2 input: 0.953799999999978
2025-03-03 15:57:07,236 - qtpyvcp.plugins.status - DEBUG - JOINT_2 output: 0.9539999999999781
2025-03-03 15:57:07,311 - qtpyvcp.plugins.status - DEBUG - JOINT_2 input: 0.9679999999999764
2025-03-03 15:57:07,311 - qtpyvcp.plugins.status - DEBUG - JOINT_2 output: 0.9681999999999765
2025-03-03 15:57:07,386 - qtpyvcp.plugins.status - DEBUG - JOINT_2 input: 0.9839999999999747
2025-03-03 15:57:07,386 - qtpyvcp.plugins.status - DEBUG - JOINT_2 output: 0.9841999999999748
2025-03-03 15:57:07,461 - qtpyvcp.plugins.status - DEBUG - JOINT_2 output: 1.0009
2025-03-03 15:57:07,461 - qtpyvcp.plugins.status - DEBUG - JOINT_2 velocity: 0.02000000000000002
2025-03-03 15:57:07,462 - qtpyvcp.plugins.status - DEBUG - JOINT_2 ferror_current: 0.0
2025-03-03 15:57:07,462 - qtpyvcp.plugins.status - DEBUG - JOINT_2 input: 1.00088
2025-03-03 15:57:07,536 - qtpyvcp.plugins.status - DEBUG - JOINT_2 output: 0.95398
2025-03-03 15:57:07,537 - qtpyvcp.plugins.status - DEBUG - JOINT_2 velocity: -1.3600000000000008
2025-03-03 15:57:07,537 - qtpyvcp.plugins.status - DEBUG - JOINT_2 input: 0.9553400000000001
2025-03-03 15:57:07,611 - qtpyvcp.plugins.status - DEBUG - JOINT_2 ferror_current: -1.1102230246251565e-16
2025-03-03 15:57:07,611 - qtpyvcp.plugins.status - DEBUG - JOINT_2 input: 0.7803800000000001
2025-03-03 15:57:07,611 - qtpyvcp.plugins.status - DEBUG - JOINT_2 velocity: -2.980000000000002
2025-03-03 15:57:07,611 - qtpyvcp.plugins.status - DEBUG - JOINT_2 output: 0.7774
2025-03-03 15:57:07,686 - qtpyvcp.plugins.status - DEBUG - JOINT_2 output: 0.5190999999999999
2025-03-03 15:57:07,686 - qtpyvcp.plugins.status - DEBUG - JOINT_2 input: 0.52348
2025-03-03 15:57:07,687 - qtpyvcp.plugins.status - DEBUG - JOINT_2 velocity: -4.379999999999995
2025-03-03 15:57:07,762 - qtpyvcp.plugins.status - DEBUG - JOINT_2 ferror_current: -2.7755575615628914e-17
2025-03-03 15:57:07,763 - qtpyvcp.plugins.status - DEBUG - JOINT_2 output: 0.21645810873972968
2025-03-03 15:57:07,763 - qtpyvcp.plugins.status - DEBUG - JOINT_2 input: 0.21940061181527426
2025-03-03 15:57:07,763 - qtpyvcp.plugins.status - DEBUG - JOINT_2 velocity: -2.942503075544559
2025-03-03 15:57:07,837 - qtpyvcp.plugins.status - DEBUG - JOINT_2 velocity: -1.5489200524100355
2025-03-03 15:57:07,837 - qtpyvcp.plugins.status - DEBUG - JOINT_2 output: 0.05997883321894768
2025-03-03 15:57:07,837 - qtpyvcp.plugins.status - DEBUG - JOINT_2 ferror_current: -1.249000902703301e-16
2025-03-03 15:57:07,837 - qtpyvcp.plugins.status - DEBUG - JOINT_2 input: 0.06152775327135784
2025-03-03 15:57:07,912 - qtpyvcp.plugins.status - DEBUG - JOINT_2 ferror_current: -1.455033196793437e-16
2025-03-03 15:57:07,913 - qtpyvcp.plugins.status - DEBUG - JOINT_2 velocity: -0.0006104221827582662
2025-03-03 15:57:07,913 - qtpyvcp.plugins.status - DEBUG - JOINT_2 output: 9.3153810300836e-09
2025-03-03 15:57:07,913 - qtpyvcp.plugins.status - DEBUG - JOINT_2 input: 6.197375639338532e-07
2025-03-03 15:57:08,005 - qtpyvcp.plugins.status - DEBUG - JOINT_0 homing: 1
2025-03-03 15:57:08,005 - qtpyvcp.plugins.status - DEBUG - JOINT_1 homing: 1
2025-03-03 15:57:08,006 - qtpyvcp.plugins.status - DEBUG - JOINT_2 homed: 1
2025-03-03 15:57:08,006 - qtpyvcp.plugins.status - DEBUG - JOINT_2 inpos: 1
2025-03-03 15:57:08,006 - qtpyvcp.plugins.status - DEBUG - JOINT_2 homing: 0
2025-03-03 15:57:08,006 - qtpyvcp.plugins.status - DEBUG - JOINT_2 velocity: 0.0
2025-03-03 15:57:08,006 - qtpyvcp.plugins.status - DEBUG - JOINT_2 ferror_current: 0.0
2025-03-03 15:57:08,006 - qtpyvcp.plugins.status - DEBUG - JOINT_2 output: 0.0
2025-03-03 15:57:08,006 - qtpyvcp.plugins.status - DEBUG - JOINT_2 input: 0.0
2025-03-03 15:57:08,062 - qtpyvcp.plugins.status - DEBUG - JOINT_0 velocity: 0.9600000000000005
2025-03-03 15:57:08,062 - qtpyvcp.plugins.status - DEBUG - JOINT_0 ferror_highmark: 1.734723475976807e-18
2025-03-03 15:57:08,062 - qtpyvcp.plugins.status - DEBUG - JOINT_0 inpos: 0
2025-03-03 15:57:08,062 - qtpyvcp.plugins.status - DEBUG - JOINT_0 output: 0.02352000000000001
2025-03-03 15:57:08,062 - qtpyvcp.plugins.status - DEBUG - JOINT_0 input: 0.02256000000000001
2025-03-03 15:57:08,062 - qtpyvcp.plugins.status - DEBUG - JOINT_1 velocity: 0.9600000000000005
2025-03-03 15:57:08,062 - qtpyvcp.plugins.status - DEBUG - JOINT_1 ferror_highmark: 1.734723475976807e-18
2025-03-03 15:57:08,062 - qtpyvcp.plugins.status - DEBUG - JOINT_1 inpos: 0
2025-03-03 15:57:08,062 - qtpyvcp.plugins.status - DEBUG - JOINT_1 output: 0.02352000000000001
2025-03-03 15:57:08,062 - qtpyvcp.plugins.status - DEBUG - JOINT_1 input: 0.02256000000000001
2025-03-03 15:57:08,137 - qtpyvcp.plugins.status - DEBUG - JOINT_0 velocity: 2.3600000000000017
2025-03-03 15:57:08,137 - qtpyvcp.plugins.status - DEBUG - JOINT_0 output: 0.14042000000000007
2025-03-03 15:57:08,137 - qtpyvcp.plugins.status - DEBUG - JOINT_0 input: 0.13806000000000007
2025-03-03 15:57:08,137 - qtpyvcp.plugins.status - DEBUG - JOINT_1 velocity: 2.3600000000000017
2025-03-03 15:57:08,137 - qtpyvcp.plugins.status - DEBUG - JOINT_1 output: 0.14042000000000007
2025-03-03 15:57:08,137 - qtpyvcp.plugins.status - DEBUG - JOINT_1 input: 0.13806000000000007
2025-03-03 15:57:08,211 - qtpyvcp.plugins.status - DEBUG - JOINT_0 output: 0.34350000000000025
2025-03-03 15:57:08,212 - qtpyvcp.plugins.status - DEBUG - JOINT_0 input: 0.34050000000000025
2025-03-03 15:57:08,212 - qtpyvcp.plugins.status - DEBUG - JOINT_0 velocity: 3.0
2025-03-03 15:57:08,212 - qtpyvcp.plugins.status - DEBUG - JOINT_1 output: 0.34350000000000025
2025-03-03 15:57:08,212 - qtpyvcp.plugins.status - DEBUG - JOINT_1 input: 0.34050000000000025
2025-03-03 15:57:08,212 - qtpyvcp.plugins.status - DEBUG - JOINT_1 velocity: 3.0
2025-03-03 15:57:08,288 - qtpyvcp.plugins.status - DEBUG - JOINT_0 ferror_highmark: 5.551115123125783e-17
2025-03-03 15:57:08,288 - qtpyvcp.plugins.status - DEBUG - JOINT_0 input: 0.5805000000000005
2025-03-03 15:57:08,288 - qtpyvcp.plugins.status - DEBUG - JOINT_0 output: 0.5835000000000005
2025-03-03 15:57:08,289 - qtpyvcp.plugins.status - DEBUG - JOINT_1 ferror_highmark: 1.1102230246251565e-16
2025-03-03 15:57:08,289 - qtpyvcp.plugins.status - DEBUG - JOINT_1 ferror_current: -6.938893903907228e-17
2025-03-03 15:57:08,289 - qtpyvcp.plugins.status - DEBUG - JOINT_1 velocity: 2.4999999999999996
2025-03-03 15:57:08,289 - qtpyvcp.plugins.status - DEBUG - JOINT_1 input: 0.06600000000000006
2025-03-03 15:57:08,289 - qtpyvcp.plugins.status - DEBUG - JOINT_1 output: 0.06849999999999999
2025-03-03 15:57:08,361 - qtpyvcp.plugins.status - DEBUG - JOINT_0 input: 0.7935000000000006
2025-03-03 15:57:08,361 - qtpyvcp.plugins.status - DEBUG - JOINT_0 output: 0.7965000000000007
2025-03-03 15:57:08,361 - qtpyvcp.plugins.status - DEBUG - JOINT_1 ferror_current: -2.7755575615628914e-17
2025-03-03 15:57:08,361 - qtpyvcp.plugins.status - DEBUG - JOINT_1 output: 0.19487999999999994
2025-03-03 15:57:08,361 - qtpyvcp.plugins.status - DEBUG - JOINT_1 velocity: 1.0799999999999983
2025-03-03 15:57:08,362 - qtpyvcp.plugins.status - DEBUG - JOINT_1 input: 0.19379999999999997
2025-03-03 15:57:08,436 - qtpyvcp.plugins.status - DEBUG - JOINT_0 ferror_highmark: 1.6566609195578508e-16
2025-03-03 15:57:08,436 - qtpyvcp.plugins.status - DEBUG - JOINT_0 ferror_current: 3.122502256758253e-17
2025-03-03 15:57:08,437 - qtpyvcp.plugins.status - DEBUG - JOINT_0 output: 0.026099999999999998
2025-03-03 15:57:08,437 - qtpyvcp.plugins.status - DEBUG - JOINT_0 velocity: 2.82
2025-03-03 15:57:08,437 - qtpyvcp.plugins.status - DEBUG - JOINT_0 input: 0.023279999999999967
2025-03-03 15:57:08,437 - qtpyvcp.plugins.status - DEBUG - JOINT_1 output: 0.22349999999999984
2025-03-03 15:57:08,437 - qtpyvcp.plugins.status - DEBUG - JOINT_1 ferror_current: -8.326672684688674e-17
2025-03-03 15:57:08,437 - qtpyvcp.plugins.status - DEBUG - JOINT_1 inpos: 1
2025-03-03 15:57:08,437 - qtpyvcp.plugins.status - DEBUG - JOINT_1 velocity: 0.0
2025-03-03 15:57:08,437 - qtpyvcp.plugins.status - DEBUG - JOINT_1 input: 0.22349999999999992
2025-03-03 15:57:08,511 - qtpyvcp.plugins.status - DEBUG - JOINT_0 velocity: 1.3999999999999986
2025-03-03 15:57:08,511 - qtpyvcp.plugins.status - DEBUG - JOINT_0 ferror_current: 0.0
2025-03-03 15:57:08,512 - qtpyvcp.plugins.status - DEBUG - JOINT_0 ferror_highmark: 1.6653345369377348e-16
2025-03-03 15:57:08,512 - qtpyvcp.plugins.status - DEBUG - JOINT_0 input: 0.17379999999999995
2025-03-03 15:57:08,512 - qtpyvcp.plugins.status - DEBUG - JOINT_0 output: 0.17519999999999997
2025-03-03 15:57:08,587 - qtpyvcp.plugins.status - DEBUG - JOINT_0 output: 0.22349999999999984
2025-03-03 15:57:08,587 - qtpyvcp.plugins.status - DEBUG - JOINT_0 input: 0.2234999999999998
2025-03-03 15:57:08,587 - qtpyvcp.plugins.status - DEBUG - JOINT_0 inpos: 1
2025-03-03 15:57:08,588 - qtpyvcp.plugins.status - DEBUG - JOINT_0 velocity: 0.0
2025-03-03 15:57:08,588 - qtpyvcp.plugins.status - DEBUG - JOINT_0 ferror_current: 2.7755575615628914e-17
2025-03-03 15:57:08,588 - qtpyvcp.plugins.status - DEBUG - JOINT_1 input: 0.1649799999999998
2025-03-03 15:57:08,588 - qtpyvcp.plugins.status - DEBUG - JOINT_1 ferror_current: 0.0
2025-03-03 15:57:08,588 - qtpyvcp.plugins.status - DEBUG - JOINT_1 velocity: -1.540000000000001
2025-03-03 15:57:08,588 - qtpyvcp.plugins.status - DEBUG - JOINT_1 inpos: 0
2025-03-03 15:57:08,588 - qtpyvcp.plugins.status - DEBUG - JOINT_1 output: 0.16343999999999978
2025-03-03 15:57:08,662 - qtpyvcp.plugins.status - DEBUG - JOINT_1 velocity: -2.960000000000002
2025-03-03 15:57:08,662 - qtpyvcp.plugins.status - DEBUG - JOINT_1 ferror_current: 6.591949208711867e-17
2025-03-03 15:57:08,662 - qtpyvcp.plugins.status - DEBUG - JOINT_1 output: 0.002979999999999676
2025-03-03 15:57:08,662 - qtpyvcp.plugins.status - DEBUG - JOINT_1 input: 0.005939999999999612
2025-03-03 15:57:08,736 - qtpyvcp.plugins.status - DEBUG - JOINT_0 ferror_current: -5.551115123125783e-17
2025-03-03 15:57:08,736 - qtpyvcp.plugins.status - DEBUG - JOINT_0 output: 0.1856799999999998
2025-03-03 15:57:08,737 - qtpyvcp.plugins.status - DEBUG - JOINT_0 velocity: -1.2200000000000006
2025-03-03 15:57:08,737 - qtpyvcp.plugins.status - DEBUG - JOINT_0 input: 0.18689999999999984
2025-03-03 15:57:08,737 - qtpyvcp.plugins.status - DEBUG - JOINT_0 inpos: 0
2025-03-03 15:57:08,737 - qtpyvcp.plugins.status - DEBUG - JOINT_1 input: -0.18144000000000038
2025-03-03 15:57:08,737 - qtpyvcp.plugins.status - DEBUG - JOINT_1 output: -0.18298000000000028
2025-03-03 15:57:08,737 - qtpyvcp.plugins.status - DEBUG - JOINT_1 velocity: -1.5399999999999987
2025-03-03 15:57:08,737 - qtpyvcp.plugins.status - DEBUG - JOINT_1 ferror_current: 8.326672684688674e-17
2025-03-03 15:57:08,812 - qtpyvcp.plugins.status - DEBUG - JOINT_0 output: 0.047939999999999705
2025-03-03 15:57:08,812 - qtpyvcp.plugins.status - DEBUG - JOINT_0 input: 0.05057999999999985
2025-03-03 15:57:08,812 - qtpyvcp.plugins.status - DEBUG - JOINT_0 velocity: -2.640000000000002
2025-03-03 15:57:08,812 - qtpyvcp.plugins.status - DEBUG - JOINT_0 ferror_current: -1.3877787807814457e-16
2025-03-03 15:57:08,813 - qtpyvcp.plugins.status - DEBUG - JOINT_1 output: -0.2412000000000002
2025-03-03 15:57:08,813 - qtpyvcp.plugins.status - DEBUG - JOINT_1 ferror_current: 5.551115123125783e-17
2025-03-03 15:57:08,813 - qtpyvcp.plugins.status - DEBUG - JOINT_1 input: -0.24108000000000024
2025-03-03 15:57:08,813 - qtpyvcp.plugins.status - DEBUG - JOINT_1 velocity: -0.11999999999999762
2025-03-03 15:57:08,887 - qtpyvcp.plugins.status - DEBUG - JOINT_0 ferror_current: -1.1102230246251565e-16
2025-03-03 15:57:08,887 - qtpyvcp.plugins.status - DEBUG - JOINT_0 input: -0.1353000000000002
2025-03-03 15:57:08,887 - qtpyvcp.plugins.status - DEBUG - JOINT_0 output: -0.1373800000000003
2025-03-03 15:57:08,888 - qtpyvcp.plugins.status - DEBUG - JOINT_0 velocity: -2.079999999999999
2025-03-03 15:57:08,888 - qtpyvcp.plugins.status - DEBUG - JOINT_1 inpos: 1
2025-03-03 15:57:08,888 - qtpyvcp.plugins.status - DEBUG - JOINT_1 velocity: 0.0
2025-03-03 15:57:08,888 - qtpyvcp.plugins.status - DEBUG - JOINT_1 input: -0.24150000000000021
2025-03-03 15:57:08,888 - qtpyvcp.plugins.status - DEBUG - JOINT_1 output: -0.24150000000000016
2025-03-03 15:57:08,961 - qtpyvcp.plugins.status - DEBUG - JOINT_0 ferror_current: -2.7755575615628914e-17
2025-03-03 15:57:08,962 - qtpyvcp.plugins.status - DEBUG - JOINT_0 input: -0.2389800000000002
2025-03-03 15:57:08,962 - qtpyvcp.plugins.status - DEBUG - JOINT_0 output: -0.2394400000000002
2025-03-03 15:57:08,962 - qtpyvcp.plugins.status - DEBUG - JOINT_0 velocity: -0.45999999999999774
2025-03-03 15:57:08,962 - qtpyvcp.plugins.status - DEBUG - JOINT_1 ferror_current: -2.7755575615628914e-17
2025-03-03 15:57:08,962 - qtpyvcp.plugins.status - DEBUG - JOINT_1 output: -0.23339999999999994
2025-03-03 15:57:08,962 - qtpyvcp.plugins.status - DEBUG - JOINT_1 input: -0.23359999999999992
2025-03-03 15:57:08,962 - qtpyvcp.plugins.status - DEBUG - JOINT_1 inpos: 0
2025-03-03 15:57:08,962 - qtpyvcp.plugins.status - DEBUG - JOINT_1 velocity: 0.2
2025-03-03 15:57:09,037 - qtpyvcp.plugins.status - DEBUG - JOINT_0 input: -0.24450000000000016
2025-03-03 15:57:09,037 - qtpyvcp.plugins.status - DEBUG - JOINT_0 inpos: 1
2025-03-03 15:57:09,037 - qtpyvcp.plugins.status - DEBUG - JOINT_0 velocity: 0.0
2025-03-03 15:57:09,037 - qtpyvcp.plugins.status - DEBUG - JOINT_0 ferror_current: 0.0
2025-03-03 15:57:09,037 - qtpyvcp.plugins.status - DEBUG - JOINT_0 output: -0.24450000000000016
2025-03-03 15:57:09,037 - qtpyvcp.plugins.status - DEBUG - JOINT_1 output: -0.21939999999999954
2025-03-03 15:57:09,037 - qtpyvcp.plugins.status - DEBUG - JOINT_1 input: -0.21959999999999946
2025-03-03 15:57:09,037 - qtpyvcp.plugins.status - DEBUG - JOINT_1 ferror_current: -8.326672684688674e-17
2025-03-03 15:57:09,112 - qtpyvcp.plugins.status - DEBUG - JOINT_0 output: -0.24040000000000006
2025-03-03 15:57:09,112 - qtpyvcp.plugins.status - DEBUG - JOINT_0 ferror_current: 8.326672684688674e-17
2025-03-03 15:57:09,112 - qtpyvcp.plugins.status - DEBUG - JOINT_0 inpos: 0
2025-03-03 15:57:09,112 - qtpyvcp.plugins.status - DEBUG - JOINT_0 velocity: 0.2
2025-03-03 15:57:09,112 - qtpyvcp.plugins.status - DEBUG - JOINT_0 input: -0.24060000000000015
2025-03-03 15:57:09,113 - qtpyvcp.plugins.status - DEBUG - JOINT_1 ferror_current: -2.7755575615628914e-17
2025-03-03 15:57:09,113 - qtpyvcp.plugins.status - DEBUG - JOINT_1 output: -0.2037999999999991
2025-03-03 15:57:09,113 - qtpyvcp.plugins.status - DEBUG - JOINT_1 input: -0.20399999999999907
2025-03-03 15:57:09,187 - qtpyvcp.plugins.status - DEBUG - JOINT_0 input: -0.2245999999999997
2025-03-03 15:57:09,187 - qtpyvcp.plugins.status - DEBUG - JOINT_0 output: -0.2243999999999996
2025-03-03 15:57:09,187 - qtpyvcp.plugins.status - DEBUG - JOINT_1 input: -0.1879999999999986
2025-03-03 15:57:09,187 - qtpyvcp.plugins.status - DEBUG - JOINT_1 output: -0.18779999999999863
2025-03-03 15:57:09,262 - qtpyvcp.plugins.status - DEBUG - JOINT_0 output: -0.2101999999999992
2025-03-03 15:57:09,262 - qtpyvcp.plugins.status - DEBUG - JOINT_0 ferror_current: 5.551115123125783e-17
2025-03-03 15:57:09,262 - qtpyvcp.plugins.status - DEBUG - JOINT_0 input: -0.21039999999999925
2025-03-03 15:57:09,263 - qtpyvcp.plugins.status - DEBUG - JOINT_1 output: -0.17359999999999823
2025-03-03 15:57:09,263 - qtpyvcp.plugins.status - DEBUG - JOINT_1 input: -0.17379999999999818
2025-03-03 15:57:09,263 - qtpyvcp.plugins.status - DEBUG - JOINT_1 ferror_current: -5.551115123125783e-17
2025-03-03 15:57:09,337 - qtpyvcp.plugins.status - DEBUG - JOINT_0 output: -0.19419999999999873
2025-03-03 15:57:09,337 - qtpyvcp.plugins.status - DEBUG - JOINT_0 input: -0.1943999999999988
2025-03-03 15:57:09,337 - qtpyvcp.plugins.status - DEBUG - JOINT_1 input: -0.15779999999999772
2025-03-03 15:57:09,337 - qtpyvcp.plugins.status - DEBUG - JOINT_1 output: -0.15759999999999777
2025-03-03 15:57:09,411 - qtpyvcp.plugins.status - DEBUG - JOINT_0 output: -0.17999999999999833
2025-03-03 15:57:09,412 - qtpyvcp.plugins.status - DEBUG - JOINT_0 input: -0.18019999999999836
2025-03-03 15:57:09,412 - qtpyvcp.plugins.status - DEBUG - JOINT_0 ferror_current: 2.7755575615628914e-17
2025-03-03 15:57:09,412 - qtpyvcp.plugins.status - DEBUG - JOINT_1 input: -0.14359999999999729
2025-03-03 15:57:09,412 - qtpyvcp.plugins.status - DEBUG - JOINT_1 output: -0.14339999999999736
2025-03-03 15:57:09,412 - qtpyvcp.plugins.status - DEBUG - JOINT_1 ferror_current: -8.326672684688674e-17
2025-03-03 15:57:09,487 - qtpyvcp.plugins.status - DEBUG - JOINT_0 input: -0.16619999999999802
2025-03-03 15:57:09,487 - qtpyvcp.plugins.status - DEBUG - JOINT_0 ferror_current: 8.326672684688674e-17
2025-03-03 15:57:09,487 - qtpyvcp.plugins.status - DEBUG - JOINT_0 output: -0.16599999999999793
2025-03-03 15:57:09,487 - qtpyvcp.plugins.status - DEBUG - JOINT_1 ferror_current: -2.7755575615628914e-17
2025-03-03 15:57:09,487 - qtpyvcp.plugins.status - DEBUG - JOINT_1 input: -0.12959999999999694
2025-03-03 15:57:09,487 - qtpyvcp.plugins.status - DEBUG - JOINT_1 output: -0.12939999999999696
2025-03-03 15:57:09,561 - qtpyvcp.plugins.status - DEBUG - JOINT_0 ferror_current: 0.0
2025-03-03 15:57:09,561 - qtpyvcp.plugins.status - DEBUG - JOINT_0 input: -0.14999999999999747
2025-03-03 15:57:09,561 - qtpyvcp.plugins.status - DEBUG - JOINT_0 output: -0.14979999999999746
2025-03-03 15:57:09,562 - qtpyvcp.plugins.status - DEBUG - JOINT_1 output: -0.1131999999999965
2025-03-03 15:57:09,562 - qtpyvcp.plugins.status - DEBUG - JOINT_1 input: -0.11339999999999645
2025-03-03 15:57:09,562 - qtpyvcp.plugins.status - DEBUG - JOINT_1 ferror_current: -5.551115123125783e-17
2025-03-03 15:57:09,637 - qtpyvcp.plugins.status - DEBUG - JOINT_0 ferror_current: 5.551115123125783e-17
2025-03-03 15:57:09,637 - qtpyvcp.plugins.status - DEBUG - JOINT_0 input: -0.13599999999999712
2025-03-03 15:57:09,637 - qtpyvcp.plugins.status - DEBUG - JOINT_0 output: -0.13579999999999706
2025-03-03 15:57:09,637 - qtpyvcp.plugins.status - DEBUG - JOINT_1 input: -0.09939999999999605
2025-03-03 15:57:09,637 - qtpyvcp.plugins.status - DEBUG - JOINT_1 output: -0.0991999999999961
2025-03-03 15:57:09,712 - qtpyvcp.plugins.status - DEBUG - JOINT_0 input: -0.11979999999999669
2025-03-03 15:57:09,712 - qtpyvcp.plugins.status - DEBUG - JOINT_0 ferror_current: 8.326672684688674e-17
2025-03-03 15:57:09,712 - qtpyvcp.plugins.status - DEBUG - JOINT_0 output: -0.1195999999999966
2025-03-03 15:57:09,712 - qtpyvcp.plugins.status - DEBUG - JOINT_1 input: -0.08319999999999561
2025-03-03 15:57:09,712 - qtpyvcp.plugins.status - DEBUG - JOINT_1 ferror_current: -2.7755575615628914e-17
2025-03-03 15:57:09,712 - qtpyvcp.plugins.status - DEBUG - JOINT_1 output: -0.08299999999999563
2025-03-03 15:57:09,787 - qtpyvcp.plugins.status - DEBUG - JOINT_0 input: -0.10579999999999623
2025-03-03 15:57:09,787 - qtpyvcp.plugins.status - DEBUG - JOINT_0 output: -0.1055999999999962
2025-03-03 15:57:09,787 - qtpyvcp.plugins.status - DEBUG - JOINT_0 ferror_current: 2.7755575615628914e-17
2025-03-03 15:57:09,787 - qtpyvcp.plugins.status - DEBUG - JOINT_1 ferror_current: -8.326672684688674e-17
2025-03-03 15:57:09,787 - qtpyvcp.plugins.status - DEBUG - JOINT_1 input: -0.06919999999999515
2025-03-03 15:57:09,787 - qtpyvcp.plugins.status - DEBUG - JOINT_1 output: -0.06899999999999523
2025-03-03 15:57:09,861 - qtpyvcp.plugins.status - DEBUG - JOINT_0 output: -0.08939999999999573
2025-03-03 15:57:09,862 - qtpyvcp.plugins.status - DEBUG - JOINT_0 ferror_current: 5.551115123125783e-17
2025-03-03 15:57:09,862 - qtpyvcp.plugins.status - DEBUG - JOINT_0 input: -0.0895999999999958
2025-03-03 15:57:09,862 - qtpyvcp.plugins.status - DEBUG - JOINT_1 output: -0.05279999999999511
2025-03-03 15:57:09,862 - qtpyvcp.plugins.status - DEBUG - JOINT_1 ferror_current: -5.551115123125783e-17
2025-03-03 15:57:09,862 - qtpyvcp.plugins.status - DEBUG - JOINT_1 input: -0.05299999999999505
2025-03-03 15:57:09,937 - qtpyvcp.plugins.status - DEBUG - JOINT_0 ferror_current: 1.1102230246251565e-16
2025-03-03 15:57:09,937 - qtpyvcp.plugins.status - DEBUG - JOINT_0 output: -0.07539999999999533
2025-03-03 15:57:09,937 - qtpyvcp.plugins.status - DEBUG - JOINT_0 input: -0.07559999999999545
2025-03-03 15:57:09,937 - qtpyvcp.plugins.status - DEBUG - JOINT_1 output: -0.03879999999999519
2025-03-03 15:57:09,937 - qtpyvcp.plugins.status - DEBUG - JOINT_1 ferror_current: -4.163336342344337e-17
2025-03-03 15:57:09,937 - qtpyvcp.plugins.status - DEBUG - JOINT_1 input: -0.03899999999999515
2025-03-03 15:57:10,012 - qtpyvcp.plugins.status - DEBUG - JOINT_0 output: -0.059199999999994986
2025-03-03 15:57:10,013 - qtpyvcp.plugins.status - DEBUG - JOINT_0 input: -0.05939999999999501
2025-03-03 15:57:10,013 - qtpyvcp.plugins.status - DEBUG - JOINT_0 ferror_current: 2.7755575615628914e-17
2025-03-03 15:57:10,013 - qtpyvcp.plugins.status - DEBUG - JOINT_1 ferror_current: -7.632783294297951e-17
2025-03-03 15:57:10,013 - qtpyvcp.plugins.status - DEBUG - JOINT_1 input: -0.022799999999995213
2025-03-03 15:57:10,013 - qtpyvcp.plugins.status - DEBUG - JOINT_1 output: -0.02259999999999529
2025-03-03 15:57:10,087 - qtpyvcp.plugins.status - DEBUG - JOINT_0 output: -0.04519999999999507
2025-03-03 15:57:10,087 - qtpyvcp.plugins.status - DEBUG - JOINT_0 ferror_current: 4.163336342344337e-17
2025-03-03 15:57:10,087 - qtpyvcp.plugins.status - DEBUG - JOINT_0 input: -0.04539999999999511
2025-03-03 15:57:10,087 - qtpyvcp.plugins.status - DEBUG - JOINT_1 ferror_current: -5.724587470723463e-17
2025-03-03 15:57:10,087 - qtpyvcp.plugins.status - DEBUG - JOINT_1 output: -0.008599999999995313
2025-03-03 15:57:10,087 - qtpyvcp.plugins.status - DEBUG - JOINT_1 input: -0.008799999999995256
2025-03-03 15:57:10,162 - qtpyvcp.plugins.status - DEBUG - JOINT_0 output: -0.030999999999995156
2025-03-03 15:57:10,162 - qtpyvcp.plugins.status - DEBUG - JOINT_0 input: -0.03119999999999523
2025-03-03 15:57:10,162 - qtpyvcp.plugins.status - DEBUG - JOINT_0 ferror_current: 7.632783294297951e-17
2025-03-03 15:57:10,162 - qtpyvcp.plugins.status - DEBUG - JOINT_1 output: 3.977782379500606e-11
2025-03-03 15:57:10,162 - qtpyvcp.plugins.status - DEBUG - JOINT_1 inpos: 1
2025-03-03 15:57:10,162 - qtpyvcp.plugins.status - DEBUG - JOINT_1 velocity: 0.0
2025-03-03 15:57:10,162 - qtpyvcp.plugins.status - DEBUG - JOINT_1 ferror_current: -2.3887381286310437e-17
2025-03-03 15:57:10,162 - qtpyvcp.plugins.status - DEBUG - JOINT_1 input: 3.9777847682387346e-11
2025-03-03 15:57:10,279 - qtpyvcp.plugins.status - DEBUG - JOINT_0 output: -0.014999999999995246
2025-03-03 15:57:10,280 - qtpyvcp.plugins.status - DEBUG - JOINT_0 input: -0.015199999999995328
2025-03-03 15:57:10,280 - qtpyvcp.plugins.status - DEBUG - JOINT_0 ferror_current: 8.153200337090993e-17
2025-03-03 15:57:10,280 - qtpyvcp.plugins.status - DEBUG - JOINT_1 homed: 1
2025-03-03 15:57:10,280 - qtpyvcp.plugins.status - DEBUG - JOINT_1 homing: 0
2025-03-03 15:57:10,281 - qtpyvcp.plugins.status - DEBUG - JOINT_1 ferror_current: 0.0
2025-03-03 15:57:10,281 - qtpyvcp.plugins.status - DEBUG - JOINT_1 output: 0.0
2025-03-03 15:57:10,281 - qtpyvcp.plugins.status - DEBUG - JOINT_1 input: 0.0
2025-03-03 15:57:10,312 - qtpyvcp.plugins.status - DEBUG - JOINT_0 input: 0.0
2025-03-03 15:57:10,312 - qtpyvcp.plugins.status - DEBUG - JOINT_0 velocity: 0.18000000000000002
2025-03-03 15:57:10,312 - qtpyvcp.plugins.status - DEBUG - JOINT_0 ferror_current: -6.5052130349130266e-18
2025-03-03 15:57:10,312 - qtpyvcp.plugins.status - DEBUG - JOINT_0 output: 0.0001799999999999935
2025-03-03 15:57:10,366 - qtpyvcp.plugins.tool_table - DEBUG - reload_tool: tool in spindle: 0 new tool: 0
2025-03-03 15:57:10,461 - qtpyvcp.plugins.status - DEBUG - JOINT_0 homed: 1
2025-03-03 15:57:10,461 - qtpyvcp.plugins.status - DEBUG - JOINT_0 inpos: 1
2025-03-03 15:57:10,461 - qtpyvcp.plugins.status - DEBUG - JOINT_0 homing: 0
2025-03-03 15:57:10,462 - qtpyvcp.plugins.status - DEBUG - JOINT_0 velocity: 0.0
2025-03-03 15:57:10,462 - qtpyvcp.plugins.status - DEBUG - JOINT_0 ferror_current: 0.0
2025-03-03 15:57:10,462 - qtpyvcp.plugins.status - DEBUG - JOINT_0 ferror_highmark: 1.8030282128433939e-16
2025-03-03 15:57:10,462 - qtpyvcp.plugins.status - DEBUG - JOINT_0 output: 0.0
2025-03-03 15:57:16,052 - qtpyvcp.actions.machine_actions - INFO - Issuing MDI command: M11P1
2025-03-03 15:57:16,092 - qtpyvcp.plugins.offset_table - DEBUG - Params file changed: /home/burketruck/linuxcnc/configs/probe_basic/sim.var
2025-03-03 15:57:16,104 - qtpyvcp.plugins.notifications - ERROR - Unknown m code used: M11 

2025-03-03 15:57:16,145 - qtpyvcp.actions.machine_actions - DEBUG - Successfully reset task_mode after MDI
2025-03-03 15:57:16,257 - qtpyvcp.widgets.display_widgets.vtk_backplot.vtk_backplot - DEBUG - on_offset_table_changed
2025-03-03 15:57:16,258 - qtpyvcp.widgets.display_widgets.vtk_backplot.vtk_backplot - DEBUG - @@@@@@@@@@@@@@@@@@@@@@@@@@@@@@@@@@@@@@
2025-03-03 15:57:16,258 - qtpyvcp.widgets.display_widgets.vtk_backplot.vtk_backplot - DEBUG - @@@@@@@@@ ROTATE & TRANSLATE @@@@@@@@@
2025-03-03 15:57:16,258 - qtpyvcp.widgets.display_widgets.vtk_backplot.vtk_backplot - DEBUG - @@@@@@@@@@@@@@@@@@@@@@@@@@@@@@@@@@@@@@
2025-03-03 15:57:20,275 - qtpyvcp.actions.machine_actions - INFO - Issuing MDI command: M12P1
2025-03-03 15:57:20,316 - qtpyvcp.plugins.offset_table - DEBUG - Params file changed: /home/burketruck/linuxcnc/configs/probe_basic/sim.var
2025-03-03 15:57:20,347 - qtpyvcp.actions.machine_actions - DEBUG - Successfully reset task_mode after MDI
2025-03-03 15:57:20,427 - qtpyvcp.plugins.notifications - ERROR - Unknown m code used: M12 

2025-03-03 15:57:20,469 - qtpyvcp.widgets.display_widgets.vtk_backplot.vtk_backplot - DEBUG - on_offset_table_changed
2025-03-03 15:57:20,469 - qtpyvcp.widgets.display_widgets.vtk_backplot.vtk_backplot - DEBUG - @@@@@@@@@@@@@@@@@@@@@@@@@@@@@@@@@@@@@@
2025-03-03 15:57:20,469 - qtpyvcp.widgets.display_widgets.vtk_backplot.vtk_backplot - DEBUG - @@@@@@@@@ ROTATE & TRANSLATE @@@@@@@@@
2025-03-03 15:57:20,469 - qtpyvcp.widgets.display_widgets.vtk_backplot.vtk_backplot - DEBUG - @@@@@@@@@@@@@@@@@@@@@@@@@@@@@@@@@@@@@@
2025-03-03 15:57:23,703 - qtpyvcp.widgets.button_widgets.subcall_button - DEBUG - Calling sub file: /home/burketruck/linuxcnc/configs/probe_basic/subroutines/retractatc.ngc with args 
2025-03-03 15:57:23,743 - qtpyvcp.actions.machine_actions - INFO - Issuing MDI command: o<retractatc> call
2025-03-03 15:57:23,764 - qtpyvcp.plugins.offset_table - DEBUG - Params file changed: /home/burketruck/linuxcnc/configs/probe_basic/sim.var
2025-03-03 15:57:23,860 - qtpyvcp.widgets.display_widgets.vtk_backplot.vtk_backplot - DEBUG - on_offset_table_changed
2025-03-03 15:57:23,860 - qtpyvcp.widgets.display_widgets.vtk_backplot.vtk_backplot - DEBUG - @@@@@@@@@@@@@@@@@@@@@@@@@@@@@@@@@@@@@@
2025-03-03 15:57:23,860 - qtpyvcp.widgets.display_widgets.vtk_backplot.vtk_backplot - DEBUG - @@@@@@@@@ ROTATE & TRANSLATE @@@@@@@@@
2025-03-03 15:57:23,860 - qtpyvcp.widgets.display_widgets.vtk_backplot.vtk_backplot - DEBUG - @@@@@@@@@@@@@@@@@@@@@@@@@@@@@@@@@@@@@@
2025-03-03 15:57:28,756 - qtpyvcp.plugins.offset_table - DEBUG - Params file changed: /home/burketruck/linuxcnc/configs/probe_basic/sim.var
2025-03-03 15:57:28,841 - qtpyvcp.actions.machine_actions - DEBUG - Successfully reset task_mode after MDI
2025-03-03 15:57:28,932 - qtpyvcp.plugins.offset_table - DEBUG - Params file changed: /home/burketruck/linuxcnc/configs/probe_basic/sim.var
2025-03-03 15:57:28,933 - qtpyvcp.widgets.display_widgets.vtk_backplot.vtk_backplot - DEBUG - on_offset_table_changed
2025-03-03 15:57:28,934 - qtpyvcp.widgets.display_widgets.vtk_backplot.vtk_backplot - DEBUG - @@@@@@@@@@@@@@@@@@@@@@@@@@@@@@@@@@@@@@
2025-03-03 15:57:28,934 - qtpyvcp.widgets.display_widgets.vtk_backplot.vtk_backplot - DEBUG - @@@@@@@@@ ROTATE & TRANSLATE @@@@@@@@@
2025-03-03 15:57:28,934 - qtpyvcp.widgets.display_widgets.vtk_backplot.vtk_backplot - DEBUG - @@@@@@@@@@@@@@@@@@@@@@@@@@@@@@@@@@@@@@
2025-03-03 15:57:28,981 - qtpyvcp.plugins.notifications - ERROR - Failed to send carousel home 

2025-03-03 15:57:29,027 - qtpyvcp.widgets.display_widgets.vtk_backplot.vtk_backplot - DEBUG - on_offset_table_changed
2025-03-03 15:57:29,027 - qtpyvcp.widgets.display_widgets.vtk_backplot.vtk_backplot - DEBUG - @@@@@@@@@@@@@@@@@@@@@@@@@@@@@@@@@@@@@@
2025-03-03 15:57:29,027 - qtpyvcp.widgets.display_widgets.vtk_backplot.vtk_backplot - DEBUG - @@@@@@@@@ ROTATE & TRANSLATE @@@@@@@@@
2025-03-03 15:57:29,027 - qtpyvcp.widgets.display_widgets.vtk_backplot.vtk_backplot - DEBUG - @@@@@@@@@@@@@@@@@@@@@@@@@@@@@@@@@@@@@@
2025-03-03 15:57:36,041 - qtpyvcp.actions.machine_actions - INFO - Issuing MDI command: M13
2025-03-03 15:57:36,082 - qtpyvcp.plugins.offset_table - DEBUG - Params file changed: /home/burketruck/linuxcnc/configs/probe_basic/sim.var
2025-03-03 15:57:36,086 - qtpyvcp.plugins.notifications - ERROR - Unknown m code used: M13 

2025-03-03 15:57:36,127 - qtpyvcp.actions.machine_actions - DEBUG - Successfully reset task_mode after MDI
2025-03-03 15:57:36,237 - qtpyvcp.widgets.display_widgets.vtk_backplot.vtk_backplot - DEBUG - on_offset_table_changed
2025-03-03 15:57:36,237 - qtpyvcp.widgets.display_widgets.vtk_backplot.vtk_backplot - DEBUG - @@@@@@@@@@@@@@@@@@@@@@@@@@@@@@@@@@@@@@
2025-03-03 15:57:36,237 - qtpyvcp.widgets.display_widgets.vtk_backplot.vtk_backplot - DEBUG - @@@@@@@@@ ROTATE & TRANSLATE @@@@@@@@@
2025-03-03 15:57:36,238 - qtpyvcp.widgets.display_widgets.vtk_backplot.vtk_backplot - DEBUG - @@@@@@@@@@@@@@@@@@@@@@@@@@@@@@@@@@@@@@
2025-03-03 15:57:41,995 - qtpyvcp.actions.machine_actions - DEBUG - Setting state ESTOP
2025-03-03 15:57:42,076 - qtpyvcp.plugins.offset_table - DEBUG - Params file changed: /home/burketruck/linuxcnc/configs/probe_basic/sim.var
2025-03-03 15:57:42,080 - qtpyvcp.plugins.status - DEBUG - JOINT_0 enabled: 0
2025-03-03 15:57:42,080 - qtpyvcp.plugins.status - DEBUG - JOINT_1 enabled: 0
2025-03-03 15:57:42,081 - qtpyvcp.plugins.status - DEBUG - JOINT_2 enabled: 0
2025-03-03 15:57:42,081 - qtpyvcp.plugins.status - DEBUG - JOINT_3 enabled: 0
2025-03-03 15:57:42,081 - qtpyvcp.plugins.status - DEBUG - JOINT_4 enabled: 0
2025-03-03 15:57:42,128 - qtpyvcp.widgets.display_widgets.vtk_backplot.vtk_backplot - DEBUG - on_offset_table_changed
2025-03-03 15:57:42,128 - qtpyvcp.widgets.display_widgets.vtk_backplot.vtk_backplot - DEBUG - @@@@@@@@@@@@@@@@@@@@@@@@@@@@@@@@@@@@@@
2025-03-03 15:57:42,128 - qtpyvcp.widgets.display_widgets.vtk_backplot.vtk_backplot - DEBUG - @@@@@@@@@ ROTATE & TRANSLATE @@@@@@@@@
2025-03-03 15:57:42,128 - qtpyvcp.widgets.display_widgets.vtk_backplot.vtk_backplot - DEBUG - @@@@@@@@@@@@@@@@@@@@@@@@@@@@@@@@@@@@@@
2025-03-03 15:57:42,222 - qtpyvcp.plugins.offset_table - DEBUG - Params file changed: /home/burketruck/linuxcnc/configs/probe_basic/sim.var
2025-03-03 15:57:42,273 - qtpyvcp.widgets.display_widgets.vtk_backplot.vtk_backplot - DEBUG - on_offset_table_changed
2025-03-03 15:57:42,274 - qtpyvcp.widgets.display_widgets.vtk_backplot.vtk_backplot - DEBUG - @@@@@@@@@@@@@@@@@@@@@@@@@@@@@@@@@@@@@@
2025-03-03 15:57:42,274 - qtpyvcp.widgets.display_widgets.vtk_backplot.vtk_backplot - DEBUG - @@@@@@@@@ ROTATE & TRANSLATE @@@@@@@@@
2025-03-03 15:57:42,274 - qtpyvcp.widgets.display_widgets.vtk_backplot.vtk_backplot - DEBUG - @@@@@@@@@@@@@@@@@@@@@@@@@@@@@@@@@@@@@@
2025-03-03 15:57:49,948 - qtpyvcp - DEBUG - Terminating widgets
2025-03-03 15:57:49,956 - qtpyvcp.plugins - DEBUG - Terminating 'gcode_properties' plugin
2025-03-03 15:57:49,956 - qtpyvcp.plugins - DEBUG - Terminating 'virtual_input' plugin
2025-03-03 15:57:49,956 - qtpyvcp.plugins - DEBUG - Terminating 'exportedhal' plugin
2025-03-03 15:57:49,956 - qtpyvcp.plugins - DEBUG - Terminating 'file_locations' plugin
2025-03-03 15:57:49,956 - qtpyvcp.plugins - DEBUG - Terminating 'notifications' plugin
2025-03-03 15:57:49,957 - qtpyvcp.plugins - DEBUG - Terminating 'offsettable' plugin
2025-03-03 15:57:49,957 - qtpyvcp.plugins - DEBUG - Terminating 'tooltable' plugin
2025-03-03 15:57:49,957 - qtpyvcp.plugins - DEBUG - Terminating 'position' plugin
2025-03-03 15:57:49,957 - qtpyvcp.plugins - DEBUG - Terminating 'settings' plugin
2025-03-03 15:57:49,957 - qtpyvcp.plugins - DEBUG - Terminating 'persistent_data_manager' plugin
2025-03-03 15:57:49,957 - qtpyvcp.plugins.persistent_data_manager - DEBUG - Writing persistent data to file: /home/burketruck/linuxcnc/configs/probe_basic/.vcp_persistent_data.pickle
2025-03-03 15:57:49,958 - qtpyvcp.plugins - DEBUG - Terminating 'status' plugin
